{"/Users/sandroguerreiro/Code/pronto/src/auth.ts": {"path":"/Users/sandroguerreiro/Code/pronto/src/auth.ts","all":false,"statementMap":{"0":{"start":{"line":1,"column":0},"end":{"line":1,"column":46}},"5":{"start":{"line":6,"column":0},"end":{"line":6,"column":43}},"7":{"start":{"line":8,"column":0},"end":{"line":8,"column":49}},"8":{"start":{"line":9,"column":0},"end":{"line":9,"column":30}},"9":{"start":{"line":10,"column":0},"end":{"line":10,"column":1}},"13":{"start":{"line":14,"column":0},"end":{"line":14,"column":29}},"14":{"start":{"line":15,"column":0},"end":{"line":15,"column":54}},"15":{"start":{"line":16,"column":0},"end":{"line":16,"column":65}},"16":{"start":{"line":17,"column":0},"end":{"line":17,"column":62}},"18":{"start":{"line":19,"column":0},"end":{"line":19,"column":23}},"29":{"start":{"line":30,"column":0},"end":{"line":30,"column":78}},"30":{"start":{"line":31,"column":0},"end":{"line":31,"column":78}},"31":{"start":{"line":32,"column":0},"end":{"line":32,"column":84}},"32":{"start":{"line":33,"column":0},"end":{"line":33,"column":64}},"33":{"start":{"line":34,"column":0},"end":{"line":34,"column":18}},"34":{"start":{"line":35,"column":0},"end":{"line":35,"column":5}},"35":{"start":{"line":36,"column":0},"end":{"line":36,"column":1}},"39":{"start":{"line":40,"column":0},"end":{"line":40,"column":32}},"40":{"start":{"line":41,"column":0},"end":{"line":41,"column":54}},"42":{"start":{"line":43,"column":0},"end":{"line":43,"column":23}},"53":{"start":{"line":54,"column":0},"end":{"line":54,"column":79}},"54":{"start":{"line":55,"column":0},"end":{"line":55,"column":23}},"55":{"start":{"line":56,"column":0},"end":{"line":56,"column":26}},"56":{"start":{"line":57,"column":0},"end":{"line":57,"column":5}},"57":{"start":{"line":58,"column":0},"end":{"line":58,"column":88}},"59":{"start":{"line":60,"column":0},"end":{"line":60,"column":85}},"60":{"start":{"line":61,"column":0},"end":{"line":61,"column":75}},"61":{"start":{"line":62,"column":0},"end":{"line":62,"column":56}},"62":{"start":{"line":63,"column":0},"end":{"line":63,"column":80}},"63":{"start":{"line":64,"column":0},"end":{"line":64,"column":37}},"65":{"start":{"line":66,"column":0},"end":{"line":66,"column":17}},"66":{"start":{"line":67,"column":0},"end":{"line":67,"column":50}},"67":{"start":{"line":68,"column":0},"end":{"line":68,"column":13}},"68":{"start":{"line":69,"column":0},"end":{"line":69,"column":5}},"70":{"start":{"line":71,"column":0},"end":{"line":71,"column":24}},"71":{"start":{"line":72,"column":0},"end":{"line":72,"column":38}},"72":{"start":{"line":73,"column":0},"end":{"line":73,"column":27}},"74":{"start":{"line":75,"column":0},"end":{"line":75,"column":9}},"75":{"start":{"line":76,"column":0},"end":{"line":76,"column":48}},"76":{"start":{"line":77,"column":0},"end":{"line":77,"column":24}},"77":{"start":{"line":78,"column":0},"end":{"line":78,"column":13}},"78":{"start":{"line":79,"column":0},"end":{"line":79,"column":71}},"79":{"start":{"line":80,"column":0},"end":{"line":80,"column":27}},"80":{"start":{"line":81,"column":0},"end":{"line":81,"column":34}},"81":{"start":{"line":82,"column":0},"end":{"line":82,"column":5}},"82":{"start":{"line":83,"column":0},"end":{"line":83,"column":5}},"84":{"start":{"line":85,"column":0},"end":{"line":85,"column":76}},"85":{"start":{"line":86,"column":0},"end":{"line":86,"column":28}},"86":{"start":{"line":87,"column":0},"end":{"line":87,"column":80}},"87":{"start":{"line":88,"column":0},"end":{"line":88,"column":5}},"88":{"start":{"line":89,"column":0},"end":{"line":89,"column":5}},"89":{"start":{"line":90,"column":0},"end":{"line":90,"column":1}},"93":{"start":{"line":94,"column":0},"end":{"line":94,"column":39}},"94":{"start":{"line":95,"column":0},"end":{"line":95,"column":54}},"96":{"start":{"line":97,"column":0},"end":{"line":97,"column":23}},"125":{"start":{"line":126,"column":0},"end":{"line":126,"column":82}},"126":{"start":{"line":127,"column":0},"end":{"line":127,"column":23}},"127":{"start":{"line":128,"column":0},"end":{"line":128,"column":50}},"128":{"start":{"line":129,"column":0},"end":{"line":129,"column":5}},"129":{"start":{"line":130,"column":0},"end":{"line":130,"column":79}},"130":{"start":{"line":131,"column":0},"end":{"line":131,"column":23}},"131":{"start":{"line":132,"column":0},"end":{"line":132,"column":60}},"132":{"start":{"line":133,"column":0},"end":{"line":133,"column":5}},"133":{"start":{"line":134,"column":0},"end":{"line":134,"column":92}},"134":{"start":{"line":135,"column":0},"end":{"line":135,"column":1}},"138":{"start":{"line":139,"column":0},"end":{"line":139,"column":36}},"139":{"start":{"line":140,"column":0},"end":{"line":140,"column":54}},"140":{"start":{"line":141,"column":0},"end":{"line":141,"column":108}},"142":{"start":{"line":143,"column":0},"end":{"line":143,"column":7}},"143":{"start":{"line":144,"column":0},"end":{"line":144,"column":65}},"145":{"start":{"line":146,"column":0},"end":{"line":146,"column":25}},"148":{"start":{"line":149,"column":0},"end":{"line":149,"column":94}},"151":{"start":{"line":152,"column":0},"end":{"line":152,"column":117}},"158":{"start":{"line":159,"column":0},"end":{"line":159,"column":83}},"159":{"start":{"line":160,"column":0},"end":{"line":160,"column":58}},"160":{"start":{"line":161,"column":0},"end":{"line":161,"column":65}},"161":{"start":{"line":162,"column":0},"end":{"line":162,"column":39}},"162":{"start":{"line":163,"column":0},"end":{"line":163,"column":61}},"163":{"start":{"line":164,"column":0},"end":{"line":164,"column":7}},"165":{"start":{"line":166,"column":0},"end":{"line":166,"column":78}},"166":{"start":{"line":167,"column":0},"end":{"line":167,"column":25}},"167":{"start":{"line":168,"column":0},"end":{"line":168,"column":37}},"168":{"start":{"line":169,"column":0},"end":{"line":169,"column":7}},"170":{"start":{"line":171,"column":0},"end":{"line":171,"column":60}},"171":{"start":{"line":172,"column":0},"end":{"line":172,"column":24}},"172":{"start":{"line":173,"column":0},"end":{"line":173,"column":42}},"173":{"start":{"line":174,"column":0},"end":{"line":174,"column":26}},"174":{"start":{"line":175,"column":0},"end":{"line":175,"column":21}},"175":{"start":{"line":176,"column":0},"end":{"line":176,"column":11}},"176":{"start":{"line":177,"column":0},"end":{"line":177,"column":91}},"177":{"start":{"line":178,"column":0},"end":{"line":178,"column":19}},"178":{"start":{"line":179,"column":0},"end":{"line":179,"column":30}},"179":{"start":{"line":180,"column":0},"end":{"line":180,"column":28}},"180":{"start":{"line":181,"column":0},"end":{"line":181,"column":17}},"181":{"start":{"line":182,"column":0},"end":{"line":182,"column":9}},"182":{"start":{"line":183,"column":0},"end":{"line":183,"column":15}},"183":{"start":{"line":184,"column":0},"end":{"line":184,"column":28}},"184":{"start":{"line":185,"column":0},"end":{"line":185,"column":29}},"190":{"start":{"line":191,"column":0},"end":{"line":191,"column":97}},"191":{"start":{"line":192,"column":0},"end":{"line":192,"column":17}},"192":{"start":{"line":193,"column":0},"end":{"line":193,"column":24}},"193":{"start":{"line":194,"column":0},"end":{"line":194,"column":7}},"194":{"start":{"line":195,"column":0},"end":{"line":195,"column":17}},"196":{"start":{"line":197,"column":0},"end":{"line":197,"column":80}},"197":{"start":{"line":198,"column":0},"end":{"line":198,"column":26}},"198":{"start":{"line":199,"column":0},"end":{"line":199,"column":18}},"199":{"start":{"line":200,"column":0},"end":{"line":200,"column":7}},"200":{"start":{"line":201,"column":0},"end":{"line":201,"column":11}},"201":{"start":{"line":202,"column":0},"end":{"line":202,"column":25}},"207":{"start":{"line":208,"column":0},"end":{"line":208,"column":93}},"208":{"start":{"line":209,"column":0},"end":{"line":209,"column":3}},"209":{"start":{"line":210,"column":0},"end":{"line":210,"column":1}}},"s":{"0":1,"5":1,"7":1,"8":39,"9":39,"13":1,"14":9,"15":9,"16":9,"18":9,"29":9,"30":9,"31":9,"32":1,"33":1,"34":9,"35":9,"39":1,"40":13,"42":13,"53":13,"54":1,"55":1,"56":13,"57":13,"59":13,"60":7,"61":7,"62":7,"63":7,"65":7,"66":2,"67":2,"68":2,"70":5,"71":5,"72":5,"74":5,"75":5,"76":4,"77":7,"78":1,"79":1,"80":1,"81":1,"82":13,"84":13,"85":2,"86":1,"87":1,"88":13,"89":13,"93":1,"94":5,"96":5,"125":5,"126":1,"127":1,"128":5,"129":5,"130":1,"131":1,"132":5,"133":5,"134":5,"138":15,"139":15,"140":15,"142":15,"143":15,"145":11,"148":11,"151":11,"158":11,"159":2,"160":2,"161":2,"162":2,"163":11,"165":11,"166":1,"167":1,"168":11,"170":15,"171":15,"172":15,"173":8,"174":7,"175":7,"176":7,"177":8,"178":3,"179":3,"180":3,"181":3,"182":8,"183":2,"184":2,"190":2,"191":8,"192":7,"193":7,"194":15,"196":15,"197":1,"198":1,"199":15,"200":15,"201":3,"207":3,"208":3,"209":15},"branchMap":{"0":{"type":"branch","line":8,"loc":{"start":{"line":8,"column":7},"end":{"line":10,"column":1}},"locations":[{"start":{"line":8,"column":7},"end":{"line":10,"column":1}}]},"1":{"type":"branch","line":14,"loc":{"start":{"line":14,"column":7},"end":{"line":36,"column":1}},"locations":[{"start":{"line":14,"column":7},"end":{"line":36,"column":1}}]},"2":{"type":"branch","line":32,"loc":{"start":{"line":32,"column":71},"end":{"line":35,"column":3}},"locations":[{"start":{"line":32,"column":71},"end":{"line":35,"column":3}}]},"3":{"type":"branch","line":40,"loc":{"start":{"line":40,"column":7},"end":{"line":90,"column":1}},"locations":[{"start":{"line":40,"column":7},"end":{"line":90,"column":1}}]},"4":{"type":"branch","line":54,"loc":{"start":{"line":54,"column":71},"end":{"line":57,"column":3}},"locations":[{"start":{"line":54,"column":71},"end":{"line":57,"column":3}}]},"5":{"type":"branch","line":58,"loc":{"start":{"line":58,"column":69},"end":{"line":58,"column":86}},"locations":[{"start":{"line":58,"column":69},"end":{"line":58,"column":86}}]},"6":{"type":"branch","line":60,"loc":{"start":{"line":60,"column":72},"end":{"line":83,"column":3}},"locations":[{"start":{"line":60,"column":72},"end":{"line":83,"column":3}}]},"7":{"type":"branch","line":66,"loc":{"start":{"line":66,"column":16},"end":{"line":69,"column":5}},"locations":[{"start":{"line":66,"column":16},"end":{"line":69,"column":5}}]},"8":{"type":"branch","line":69,"loc":{"start":{"line":69,"column":4},"end":{"line":76,"column":48}},"locations":[{"start":{"line":69,"column":4},"end":{"line":76,"column":48}}]},"9":{"type":"branch","line":76,"loc":{"start":{"line":76,"column":46},"end":{"line":78,"column":12}},"locations":[{"start":{"line":76,"column":46},"end":{"line":78,"column":12}}]},"10":{"type":"branch","line":78,"loc":{"start":{"line":78,"column":4},"end":{"line":82,"column":5}},"locations":[{"start":{"line":78,"column":4},"end":{"line":82,"column":5}}]},"11":{"type":"branch","line":85,"loc":{"start":{"line":85,"column":68},"end":{"line":89,"column":3}},"locations":[{"start":{"line":85,"column":68},"end":{"line":89,"column":3}}]},"12":{"type":"branch","line":86,"loc":{"start":{"line":86,"column":27},"end":{"line":88,"column":5}},"locations":[{"start":{"line":86,"column":27},"end":{"line":88,"column":5}}]},"13":{"type":"branch","line":94,"loc":{"start":{"line":94,"column":7},"end":{"line":135,"column":1}},"locations":[{"start":{"line":94,"column":7},"end":{"line":135,"column":1}}]},"14":{"type":"branch","line":126,"loc":{"start":{"line":126,"column":74},"end":{"line":129,"column":3}},"locations":[{"start":{"line":126,"column":74},"end":{"line":129,"column":3}}]},"15":{"type":"branch","line":130,"loc":{"start":{"line":130,"column":71},"end":{"line":133,"column":3}},"locations":[{"start":{"line":130,"column":71},"end":{"line":133,"column":3}}]},"16":{"type":"branch","line":134,"loc":{"start":{"line":134,"column":70},"end":{"line":134,"column":90}},"locations":[{"start":{"line":134,"column":70},"end":{"line":134,"column":90}}]},"17":{"type":"branch","line":139,"loc":{"start":{"line":139,"column":0},"end":{"line":210,"column":1}},"locations":[{"start":{"line":139,"column":0},"end":{"line":210,"column":1}}]},"18":{"type":"branch","line":144,"loc":{"start":{"line":144,"column":63},"end":{"line":171,"column":47}},"locations":[{"start":{"line":144,"column":63},"end":{"line":171,"column":47}}]},"19":{"type":"branch","line":171,"loc":{"start":{"line":171,"column":35},"end":{"line":171,"column":50}},"locations":[{"start":{"line":171,"column":35},"end":{"line":171,"column":50}}]},"20":{"type":"branch","line":201,"loc":{"start":{"line":201,"column":2},"end":{"line":209,"column":3}},"locations":[{"start":{"line":201,"column":2},"end":{"line":209,"column":3}}]},"21":{"type":"branch","line":159,"loc":{"start":{"line":159,"column":70},"end":{"line":164,"column":5}},"locations":[{"start":{"line":159,"column":70},"end":{"line":164,"column":5}}]},"22":{"type":"branch","line":163,"loc":{"start":{"line":163,"column":17},"end":{"line":163,"column":55}},"locations":[{"start":{"line":163,"column":17},"end":{"line":163,"column":55}}]},"23":{"type":"branch","line":166,"loc":{"start":{"line":166,"column":70},"end":{"line":169,"column":5}},"locations":[{"start":{"line":166,"column":70},"end":{"line":169,"column":5}}]},"24":{"type":"branch","line":173,"loc":{"start":{"line":173,"column":29},"end":{"line":195,"column":7}},"locations":[{"start":{"line":173,"column":29},"end":{"line":195,"column":7}}]},"25":{"type":"branch","line":174,"loc":{"start":{"line":174,"column":19},"end":{"line":174,"column":26}},"locations":[{"start":{"line":174,"column":19},"end":{"line":174,"column":26}}]},"26":{"type":"branch","line":174,"loc":{"start":{"line":174,"column":19},"end":{"line":177,"column":91}},"locations":[{"start":{"line":174,"column":19},"end":{"line":177,"column":91}}]},"27":{"type":"branch","line":177,"loc":{"start":{"line":177,"column":89},"end":{"line":178,"column":18}},"locations":[{"start":{"line":177,"column":89},"end":{"line":178,"column":18}}]},"28":{"type":"branch","line":178,"loc":{"start":{"line":178,"column":18},"end":{"line":182,"column":9}},"locations":[{"start":{"line":178,"column":18},"end":{"line":182,"column":9}}]},"29":{"type":"branch","line":183,"loc":{"start":{"line":183,"column":6},"end":{"line":192,"column":8}},"locations":[{"start":{"line":183,"column":6},"end":{"line":192,"column":8}}]},"30":{"type":"branch","line":192,"loc":{"start":{"line":192,"column":6},"end":{"line":192,"column":8}},"locations":[{"start":{"line":192,"column":6},"end":{"line":192,"column":8}}]},"31":{"type":"branch","line":192,"loc":{"start":{"line":192,"column":6},"end":{"line":194,"column":7}},"locations":[{"start":{"line":192,"column":6},"end":{"line":194,"column":7}}]},"32":{"type":"branch","line":191,"loc":{"start":{"line":191,"column":78},"end":{"line":191,"column":95}},"locations":[{"start":{"line":191,"column":78},"end":{"line":191,"column":95}}]},"33":{"type":"branch","line":197,"loc":{"start":{"line":197,"column":73},"end":{"line":200,"column":5}},"locations":[{"start":{"line":197,"column":73},"end":{"line":200,"column":5}}]},"34":{"type":"branch","line":208,"loc":{"start":{"line":208,"column":74},"end":{"line":208,"column":91}},"locations":[{"start":{"line":208,"column":74},"end":{"line":208,"column":91}}]}},"b":{"0":[39],"1":[9],"2":[1],"3":[13],"4":[1],"5":[1],"6":[7],"7":[2],"8":[5],"9":[4],"10":[1],"11":[2],"12":[1],"13":[5],"14":[1],"15":[1],"16":[1],"17":[15],"18":[11],"19":[0],"20":[3],"21":[2],"22":[1],"23":[1],"24":[8],"25":[1],"26":[7],"27":[5],"28":[3],"29":[2],"30":[4],"31":[7],"32":[1],"33":[1],"34":[1]},"fnMap":{"0":{"name":"_onLoginSuccess","decl":{"start":{"line":6,"column":34},"end":{"line":6,"column":43}},"loc":{"start":{"line":6,"column":34},"end":{"line":6,"column":43}},"line":6},"1":{"name":"initAuth","decl":{"start":{"line":8,"column":7},"end":{"line":10,"column":1}},"loc":{"start":{"line":8,"column":7},"end":{"line":10,"column":1}},"line":8},"2":{"name":"showLogin","decl":{"start":{"line":14,"column":7},"end":{"line":36,"column":1}},"loc":{"start":{"line":14,"column":7},"end":{"line":36,"column":1}},"line":14},"3":{"name":"showPatInput","decl":{"start":{"line":40,"column":7},"end":{"line":90,"column":1}},"loc":{"start":{"line":40,"column":7},"end":{"line":90,"column":1}},"line":40},"4":{"name":"showPermissionsInfo","decl":{"start":{"line":94,"column":7},"end":{"line":135,"column":1}},"loc":{"start":{"line":94,"column":7},"end":{"line":135,"column":1}},"line":94},"5":{"name":"startLogin","decl":{"start":{"line":139,"column":0},"end":{"line":210,"column":1}},"loc":{"start":{"line":139,"column":0},"end":{"line":210,"column":1}},"line":139}},"f":{"0":0,"1":39,"2":9,"3":13,"4":5,"5":15}}
,"/Users/sandroguerreiro/Code/pronto/src/prefs.ts": {"path":"/Users/sandroguerreiro/Code/pronto/src/prefs.ts","all":false,"statementMap":{"0":{"start":{"line":1,"column":0},"end":{"line":1,"column":46}},"17":{"start":{"line":18,"column":0},"end":{"line":18,"column":37}},"18":{"start":{"line":19,"column":0},"end":{"line":19,"column":37}},"20":{"start":{"line":21,"column":0},"end":{"line":21,"column":71}},"21":{"start":{"line":22,"column":0},"end":{"line":22,"column":23}},"22":{"start":{"line":23,"column":0},"end":{"line":23,"column":23}},"23":{"start":{"line":24,"column":0},"end":{"line":24,"column":1}},"27":{"start":{"line":28,"column":0},"end":{"line":28,"column":39}},"28":{"start":{"line":29,"column":0},"end":{"line":29,"column":51}},"29":{"start":{"line":30,"column":0},"end":{"line":30,"column":23}},"30":{"start":{"line":31,"column":0},"end":{"line":31,"column":54}},"31":{"start":{"line":32,"column":0},"end":{"line":32,"column":24}},"32":{"start":{"line":33,"column":0},"end":{"line":33,"column":56}},"33":{"start":{"line":34,"column":0},"end":{"line":34,"column":30}},"34":{"start":{"line":35,"column":0},"end":{"line":35,"column":68}},"35":{"start":{"line":36,"column":0},"end":{"line":36,"column":21}},"36":{"start":{"line":37,"column":0},"end":{"line":37,"column":50}},"37":{"start":{"line":38,"column":0},"end":{"line":38,"column":22}},"38":{"start":{"line":39,"column":0},"end":{"line":39,"column":52}},"39":{"start":{"line":40,"column":0},"end":{"line":40,"column":20}},"40":{"start":{"line":41,"column":0},"end":{"line":41,"column":69}},"41":{"start":{"line":42,"column":0},"end":{"line":42,"column":22}},"42":{"start":{"line":43,"column":0},"end":{"line":43,"column":64}},"43":{"start":{"line":44,"column":0},"end":{"line":44,"column":56}},"44":{"start":{"line":45,"column":0},"end":{"line":45,"column":39}},"45":{"start":{"line":46,"column":0},"end":{"line":46,"column":26}},"46":{"start":{"line":47,"column":0},"end":{"line":47,"column":76}},"47":{"start":{"line":48,"column":0},"end":{"line":48,"column":33}},"48":{"start":{"line":49,"column":0},"end":{"line":49,"column":3}},"49":{"start":{"line":50,"column":0},"end":{"line":50,"column":1}},"53":{"start":{"line":54,"column":0},"end":{"line":54,"column":25}},"55":{"start":{"line":56,"column":0},"end":{"line":56,"column":32}},"56":{"start":{"line":57,"column":0},"end":{"line":57,"column":27}},"57":{"start":{"line":58,"column":0},"end":{"line":58,"column":22}},"58":{"start":{"line":59,"column":0},"end":{"line":59,"column":30}},"59":{"start":{"line":60,"column":0},"end":{"line":60,"column":25}},"60":{"start":{"line":61,"column":0},"end":{"line":61,"column":59}},"61":{"start":{"line":62,"column":0},"end":{"line":62,"column":46}},"62":{"start":{"line":63,"column":0},"end":{"line":63,"column":48}},"63":{"start":{"line":64,"column":0},"end":{"line":64,"column":60}},"64":{"start":{"line":65,"column":0},"end":{"line":65,"column":42}},"65":{"start":{"line":66,"column":0},"end":{"line":66,"column":44}},"66":{"start":{"line":67,"column":0},"end":{"line":67,"column":90}},"67":{"start":{"line":68,"column":0},"end":{"line":68,"column":44}},"68":{"start":{"line":69,"column":0},"end":{"line":69,"column":59}},"69":{"start":{"line":70,"column":0},"end":{"line":70,"column":5}},"70":{"start":{"line":71,"column":0},"end":{"line":71,"column":1}},"74":{"start":{"line":75,"column":0},"end":{"line":75,"column":67}},"75":{"start":{"line":76,"column":0},"end":{"line":76,"column":60}},"76":{"start":{"line":77,"column":0},"end":{"line":77,"column":21}},"77":{"start":{"line":78,"column":0},"end":{"line":78,"column":20}},"78":{"start":{"line":79,"column":0},"end":{"line":79,"column":10}},"79":{"start":{"line":80,"column":0},"end":{"line":80,"column":17}},"80":{"start":{"line":81,"column":0},"end":{"line":81,"column":3}},"81":{"start":{"line":82,"column":0},"end":{"line":82,"column":17}},"82":{"start":{"line":83,"column":0},"end":{"line":83,"column":14}},"83":{"start":{"line":84,"column":0},"end":{"line":84,"column":1}},"87":{"start":{"line":88,"column":0},"end":{"line":88,"column":71}},"88":{"start":{"line":89,"column":0},"end":{"line":89,"column":56}},"89":{"start":{"line":90,"column":0},"end":{"line":90,"column":21}},"90":{"start":{"line":91,"column":0},"end":{"line":91,"column":20}},"91":{"start":{"line":92,"column":0},"end":{"line":92,"column":10}},"92":{"start":{"line":93,"column":0},"end":{"line":93,"column":17}},"93":{"start":{"line":94,"column":0},"end":{"line":94,"column":3}},"94":{"start":{"line":95,"column":0},"end":{"line":95,"column":14}},"95":{"start":{"line":96,"column":0},"end":{"line":96,"column":57}},"96":{"start":{"line":97,"column":0},"end":{"line":97,"column":44}},"97":{"start":{"line":98,"column":0},"end":{"line":98,"column":46}},"98":{"start":{"line":99,"column":0},"end":{"line":99,"column":58}},"99":{"start":{"line":100,"column":0},"end":{"line":100,"column":40}},"100":{"start":{"line":101,"column":0},"end":{"line":101,"column":42}},"101":{"start":{"line":102,"column":0},"end":{"line":102,"column":57}},"102":{"start":{"line":103,"column":0},"end":{"line":103,"column":14}},"103":{"start":{"line":104,"column":0},"end":{"line":104,"column":1}}},"s":{"0":1,"17":1,"18":1,"20":1,"21":12,"22":12,"23":12,"27":7,"28":7,"29":7,"30":7,"31":7,"32":7,"33":7,"34":7,"35":7,"36":7,"37":7,"38":7,"39":7,"40":7,"41":7,"42":7,"43":7,"44":7,"45":7,"46":7,"47":1,"48":1,"49":7,"53":1,"55":1,"56":12,"57":10,"58":10,"59":10,"60":10,"61":10,"62":10,"63":10,"64":10,"65":10,"66":10,"67":10,"68":10,"69":10,"70":10,"74":1,"75":6,"76":6,"77":2,"78":6,"79":4,"80":4,"81":6,"82":6,"83":6,"87":6,"88":6,"89":6,"90":2,"91":6,"92":4,"93":4,"94":6,"95":6,"96":6,"97":6,"98":6,"99":6,"100":6,"101":6,"102":6,"103":6},"branchMap":{"0":{"type":"branch","line":21,"loc":{"start":{"line":21,"column":7},"end":{"line":24,"column":1}},"locations":[{"start":{"line":21,"column":7},"end":{"line":24,"column":1}}]},"1":{"type":"branch","line":28,"loc":{"start":{"line":28,"column":0},"end":{"line":50,"column":1}},"locations":[{"start":{"line":28,"column":0},"end":{"line":50,"column":1}}]},"2":{"type":"branch","line":41,"loc":{"start":{"line":41,"column":5},"end":{"line":41,"column":23}},"locations":[{"start":{"line":41,"column":5},"end":{"line":41,"column":23}}]},"3":{"type":"branch","line":43,"loc":{"start":{"line":43,"column":5},"end":{"line":43,"column":25}},"locations":[{"start":{"line":43,"column":5},"end":{"line":43,"column":25}}]},"4":{"type":"branch","line":45,"loc":{"start":{"line":45,"column":18},"end":{"line":45,"column":39}},"locations":[{"start":{"line":45,"column":18},"end":{"line":45,"column":39}}]},"5":{"type":"branch","line":47,"loc":{"start":{"line":47,"column":29},"end":{"line":47,"column":75}},"locations":[{"start":{"line":47,"column":29},"end":{"line":47,"column":75}}]},"6":{"type":"branch","line":47,"loc":{"start":{"line":47,"column":75},"end":{"line":49,"column":3}},"locations":[{"start":{"line":47,"column":75},"end":{"line":49,"column":3}}]},"7":{"type":"branch","line":31,"loc":{"start":{"line":31,"column":26},"end":{"line":31,"column":52}},"locations":[{"start":{"line":31,"column":26},"end":{"line":31,"column":52}}]},"8":{"type":"branch","line":33,"loc":{"start":{"line":33,"column":27},"end":{"line":33,"column":54}},"locations":[{"start":{"line":33,"column":27},"end":{"line":33,"column":54}}]},"9":{"type":"branch","line":35,"loc":{"start":{"line":35,"column":33},"end":{"line":35,"column":66}},"locations":[{"start":{"line":35,"column":33},"end":{"line":35,"column":66}}]},"10":{"type":"branch","line":37,"loc":{"start":{"line":37,"column":24},"end":{"line":37,"column":48}},"locations":[{"start":{"line":37,"column":24},"end":{"line":37,"column":48}}]},"11":{"type":"branch","line":39,"loc":{"start":{"line":39,"column":25},"end":{"line":39,"column":50}},"locations":[{"start":{"line":39,"column":25},"end":{"line":39,"column":50}}]},"12":{"type":"branch","line":41,"loc":{"start":{"line":41,"column":31},"end":{"line":41,"column":67}},"locations":[{"start":{"line":41,"column":31},"end":{"line":41,"column":67}}]},"13":{"type":"branch","line":43,"loc":{"start":{"line":43,"column":33},"end":{"line":43,"column":62}},"locations":[{"start":{"line":43,"column":33},"end":{"line":43,"column":62}}]},"14":{"type":"branch","line":56,"loc":{"start":{"line":56,"column":7},"end":{"line":71,"column":1}},"locations":[{"start":{"line":56,"column":7},"end":{"line":71,"column":1}}]},"15":{"type":"branch","line":57,"loc":{"start":{"line":57,"column":20},"end":{"line":57,"column":27}},"locations":[{"start":{"line":57,"column":20},"end":{"line":57,"column":27}}]},"16":{"type":"branch","line":57,"loc":{"start":{"line":57,"column":20},"end":{"line":71,"column":1}},"locations":[{"start":{"line":57,"column":20},"end":{"line":71,"column":1}}]},"17":{"type":"branch","line":59,"loc":{"start":{"line":59,"column":17},"end":{"line":70,"column":3}},"locations":[{"start":{"line":59,"column":17},"end":{"line":70,"column":3}}]},"18":{"type":"branch","line":67,"loc":{"start":{"line":67,"column":54},"end":{"line":67,"column":88}},"locations":[{"start":{"line":67,"column":54},"end":{"line":67,"column":88}}]},"19":{"type":"branch","line":75,"loc":{"start":{"line":75,"column":7},"end":{"line":84,"column":1}},"locations":[{"start":{"line":75,"column":7},"end":{"line":84,"column":1}}]},"20":{"type":"branch","line":76,"loc":{"start":{"line":76,"column":23},"end":{"line":76,"column":46}},"locations":[{"start":{"line":76,"column":23},"end":{"line":76,"column":46}}]},"21":{"type":"branch","line":76,"loc":{"start":{"line":76,"column":31},"end":{"line":76,"column":60}},"locations":[{"start":{"line":76,"column":31},"end":{"line":76,"column":60}}]},"22":{"type":"branch","line":77,"loc":{"start":{"line":77,"column":20},"end":{"line":79,"column":9}},"locations":[{"start":{"line":77,"column":20},"end":{"line":79,"column":9}}]},"23":{"type":"branch","line":79,"loc":{"start":{"line":79,"column":2},"end":{"line":81,"column":3}},"locations":[{"start":{"line":79,"column":2},"end":{"line":81,"column":3}}]},"24":{"type":"branch","line":88,"loc":{"start":{"line":88,"column":0},"end":{"line":104,"column":1}},"locations":[{"start":{"line":88,"column":0},"end":{"line":104,"column":1}}]},"25":{"type":"branch","line":89,"loc":{"start":{"line":89,"column":23},"end":{"line":89,"column":44}},"locations":[{"start":{"line":89,"column":23},"end":{"line":89,"column":44}}]},"26":{"type":"branch","line":89,"loc":{"start":{"line":89,"column":31},"end":{"line":89,"column":56}},"locations":[{"start":{"line":89,"column":31},"end":{"line":89,"column":56}}]},"27":{"type":"branch","line":90,"loc":{"start":{"line":90,"column":20},"end":{"line":92,"column":9}},"locations":[{"start":{"line":90,"column":20},"end":{"line":92,"column":9}}]},"28":{"type":"branch","line":92,"loc":{"start":{"line":92,"column":2},"end":{"line":94,"column":3}},"locations":[{"start":{"line":92,"column":2},"end":{"line":94,"column":3}}]}},"b":{"0":[12],"1":[7],"2":[1],"3":[1],"4":[1],"5":[2],"6":[1],"7":[3],"8":[1],"9":[1],"10":[1],"11":[1],"12":[2],"13":[1],"14":[12],"15":[2],"16":[10],"17":[10],"18":[1],"19":[6],"20":[4],"21":[2],"22":[2],"23":[4],"24":[6],"25":[4],"26":[2],"27":[2],"28":[4]},"fnMap":{"0":{"name":"_onRender","decl":{"start":{"line":18,"column":28},"end":{"line":18,"column":37}},"loc":{"start":{"line":18,"column":28},"end":{"line":18,"column":37}},"line":18},"1":{"name":"_onReload","decl":{"start":{"line":19,"column":28},"end":{"line":19,"column":37}},"loc":{"start":{"line":19,"column":28},"end":{"line":19,"column":37}},"line":19},"2":{"name":"initPrefs","decl":{"start":{"line":21,"column":7},"end":{"line":24,"column":1}},"loc":{"start":{"line":21,"column":7},"end":{"line":24,"column":1}},"line":21},"3":{"name":"loadUserPrefs","decl":{"start":{"line":28,"column":0},"end":{"line":50,"column":1}},"loc":{"start":{"line":28,"column":0},"end":{"line":50,"column":1}},"line":28},"4":{"name":"persistPrefs","decl":{"start":{"line":56,"column":7},"end":{"line":71,"column":1}},"loc":{"start":{"line":56,"column":7},"end":{"line":71,"column":1}},"line":56},"5":{"name":"toggleFavorite","decl":{"start":{"line":75,"column":7},"end":{"line":84,"column":1}},"loc":{"start":{"line":75,"column":7},"end":{"line":84,"column":1}},"line":75},"6":{"name":"toggleHidden","decl":{"start":{"line":88,"column":0},"end":{"line":104,"column":1}},"loc":{"start":{"line":88,"column":0},"end":{"line":104,"column":1}},"line":88}},"f":{"0":0,"1":0,"2":12,"3":7,"4":12,"5":6,"6":6}}
,"/Users/sandroguerreiro/Code/pronto/src/release-notes.ts": {"path":"/Users/sandroguerreiro/Code/pronto/src/release-notes.ts","all":false,"statementMap":{"0":{"start":{"line":1,"column":0},"end":{"line":1,"column":46}},"11":{"start":{"line":12,"column":0},"end":{"line":12,"column":50}},"13":{"start":{"line":14,"column":0},"end":{"line":14,"column":37}},"14":{"start":{"line":15,"column":0},"end":{"line":15,"column":30}},"16":{"start":{"line":17,"column":0},"end":{"line":17,"column":57}},"17":{"start":{"line":18,"column":0},"end":{"line":18,"column":24}},"18":{"start":{"line":19,"column":0},"end":{"line":19,"column":1}},"20":{"start":{"line":21,"column":0},"end":{"line":21,"column":42}},"21":{"start":{"line":22,"column":0},"end":{"line":22,"column":26}},"22":{"start":{"line":23,"column":0},"end":{"line":23,"column":92}},"23":{"start":{"line":24,"column":0},"end":{"line":24,"column":1}},"25":{"start":{"line":26,"column":0},"end":{"line":26,"column":43}},"26":{"start":{"line":27,"column":0},"end":{"line":27,"column":44}},"27":{"start":{"line":28,"column":0},"end":{"line":28,"column":25}},"28":{"start":{"line":29,"column":0},"end":{"line":29,"column":23}},"29":{"start":{"line":30,"column":0},"end":{"line":30,"column":1}},"31":{"start":{"line":32,"column":0},"end":{"line":32,"column":43}},"32":{"start":{"line":33,"column":0},"end":{"line":33,"column":58}},"33":{"start":{"line":34,"column":0},"end":{"line":34,"column":1}},"35":{"start":{"line":36,"column":0},"end":{"line":36,"column":42}},"36":{"start":{"line":37,"column":0},"end":{"line":37,"column":54}},"37":{"start":{"line":38,"column":0},"end":{"line":38,"column":61}},"38":{"start":{"line":39,"column":0},"end":{"line":39,"column":23}},"40":{"start":{"line":41,"column":0},"end":{"line":41,"column":28}},"41":{"start":{"line":42,"column":0},"end":{"line":42,"column":26}},"43":{"start":{"line":44,"column":0},"end":{"line":44,"column":30}},"44":{"start":{"line":45,"column":0},"end":{"line":45,"column":25}},"56":{"start":{"line":57,"column":0},"end":{"line":57,"column":36}},"57":{"start":{"line":58,"column":0},"end":{"line":58,"column":11}},"58":{"start":{"line":59,"column":0},"end":{"line":59,"column":3}},"60":{"start":{"line":61,"column":0},"end":{"line":61,"column":44}},"61":{"start":{"line":62,"column":0},"end":{"line":62,"column":29}},"62":{"start":{"line":63,"column":0},"end":{"line":63,"column":30}},"63":{"start":{"line":64,"column":0},"end":{"line":64,"column":21}},"64":{"start":{"line":65,"column":0},"end":{"line":65,"column":21}},"65":{"start":{"line":66,"column":0},"end":{"line":66,"column":31}},"66":{"start":{"line":67,"column":0},"end":{"line":67,"column":33}},"67":{"start":{"line":68,"column":0},"end":{"line":68,"column":32}},"69":{"start":{"line":70,"column":0},"end":{"line":70,"column":12}},"70":{"start":{"line":71,"column":0},"end":{"line":71,"column":91}},"72":{"start":{"line":73,"column":0},"end":{"line":73,"column":68}},"73":{"start":{"line":74,"column":0},"end":{"line":74,"column":79}},"74":{"start":{"line":75,"column":0},"end":{"line":75,"column":73}},"76":{"start":{"line":77,"column":0},"end":{"line":77,"column":61}},"79":{"start":{"line":80,"column":0},"end":{"line":80,"column":14}},"81":{"start":{"line":82,"column":0},"end":{"line":82,"column":23}},"88":{"start":{"line":89,"column":0},"end":{"line":89,"column":20}},"96":{"start":{"line":97,"column":0},"end":{"line":97,"column":34}},"97":{"start":{"line":98,"column":0},"end":{"line":98,"column":1}},"99":{"start":{"line":100,"column":0},"end":{"line":100,"column":55}},"100":{"start":{"line":101,"column":0},"end":{"line":101,"column":63}},"101":{"start":{"line":102,"column":0},"end":{"line":102,"column":63}},"103":{"start":{"line":104,"column":0},"end":{"line":104,"column":73}},"104":{"start":{"line":105,"column":0},"end":{"line":105,"column":48}},"105":{"start":{"line":106,"column":0},"end":{"line":106,"column":23}},"106":{"start":{"line":107,"column":0},"end":{"line":107,"column":66}},"107":{"start":{"line":108,"column":0},"end":{"line":108,"column":5}},"108":{"start":{"line":109,"column":0},"end":{"line":109,"column":1}},"110":{"start":{"line":111,"column":0},"end":{"line":111,"column":36}},"111":{"start":{"line":112,"column":0},"end":{"line":112,"column":29}},"112":{"start":{"line":113,"column":0},"end":{"line":113,"column":17}},"113":{"start":{"line":114,"column":0},"end":{"line":114,"column":14}},"114":{"start":{"line":115,"column":0},"end":{"line":115,"column":1}},"116":{"start":{"line":117,"column":0},"end":{"line":117,"column":53}},"117":{"start":{"line":118,"column":0},"end":{"line":118,"column":37}},"119":{"start":{"line":120,"column":0},"end":{"line":120,"column":90}},"120":{"start":{"line":121,"column":0},"end":{"line":121,"column":33}},"122":{"start":{"line":123,"column":0},"end":{"line":123,"column":59}},"123":{"start":{"line":124,"column":0},"end":{"line":124,"column":30}},"124":{"start":{"line":125,"column":0},"end":{"line":125,"column":37}},"125":{"start":{"line":126,"column":0},"end":{"line":126,"column":48}},"126":{"start":{"line":127,"column":0},"end":{"line":127,"column":58}},"127":{"start":{"line":128,"column":0},"end":{"line":128,"column":5}},"129":{"start":{"line":130,"column":0},"end":{"line":130,"column":60}},"130":{"start":{"line":131,"column":0},"end":{"line":131,"column":62}},"131":{"start":{"line":132,"column":0},"end":{"line":132,"column":68}},"132":{"start":{"line":133,"column":0},"end":{"line":133,"column":3}},"133":{"start":{"line":134,"column":0},"end":{"line":134,"column":1}},"135":{"start":{"line":136,"column":0},"end":{"line":136,"column":38}},"136":{"start":{"line":137,"column":0},"end":{"line":137,"column":37}},"137":{"start":{"line":138,"column":0},"end":{"line":138,"column":47}},"138":{"start":{"line":139,"column":0},"end":{"line":139,"column":16}},"139":{"start":{"line":140,"column":0},"end":{"line":140,"column":30}},"140":{"start":{"line":141,"column":0},"end":{"line":141,"column":3}},"141":{"start":{"line":142,"column":0},"end":{"line":142,"column":1}}},"s":{"0":1,"11":1,"13":1,"14":1,"16":1,"17":2,"18":2,"20":20,"21":20,"22":20,"23":20,"25":20,"26":20,"27":20,"28":20,"29":20,"31":20,"32":20,"33":20,"35":14,"36":14,"37":14,"38":14,"40":14,"41":14,"43":14,"44":1,"56":1,"57":1,"58":1,"60":13,"61":20,"62":20,"63":20,"64":20,"65":20,"66":20,"67":20,"69":20,"70":20,"72":20,"73":20,"74":20,"76":20,"79":13,"81":13,"88":13,"96":13,"97":13,"99":14,"100":14,"101":14,"103":14,"104":14,"105":0,"106":0,"107":14,"108":14,"110":1,"111":2,"112":2,"113":2,"114":2,"116":1,"117":6,"119":6,"120":6,"122":6,"123":6,"124":11,"125":11,"126":11,"127":6,"129":6,"130":6,"131":0,"132":0,"133":6,"135":1,"136":1,"137":1,"138":1,"139":1,"140":1,"141":1},"branchMap":{"0":{"type":"branch","line":17,"loc":{"start":{"line":17,"column":7},"end":{"line":19,"column":1}},"locations":[{"start":{"line":17,"column":7},"end":{"line":19,"column":1}}]},"1":{"type":"branch","line":21,"loc":{"start":{"line":21,"column":0},"end":{"line":24,"column":1}},"locations":[{"start":{"line":21,"column":0},"end":{"line":24,"column":1}}]},"2":{"type":"branch","line":26,"loc":{"start":{"line":26,"column":0},"end":{"line":30,"column":1}},"locations":[{"start":{"line":26,"column":0},"end":{"line":30,"column":1}}]},"3":{"type":"branch","line":32,"loc":{"start":{"line":32,"column":0},"end":{"line":34,"column":1}},"locations":[{"start":{"line":32,"column":0},"end":{"line":34,"column":1}}]},"4":{"type":"branch","line":36,"loc":{"start":{"line":36,"column":0},"end":{"line":98,"column":1}},"locations":[{"start":{"line":36,"column":0},"end":{"line":98,"column":1}}]},"5":{"type":"branch","line":44,"loc":{"start":{"line":44,"column":29},"end":{"line":59,"column":3}},"locations":[{"start":{"line":44,"column":29},"end":{"line":59,"column":3}}]},"6":{"type":"branch","line":59,"loc":{"start":{"line":59,"column":2},"end":{"line":98,"column":1}},"locations":[{"start":{"line":59,"column":2},"end":{"line":98,"column":1}}]},"7":{"type":"branch","line":61,"loc":{"start":{"line":61,"column":33},"end":{"line":80,"column":3}},"locations":[{"start":{"line":61,"column":33},"end":{"line":80,"column":3}}]},"8":{"type":"branch","line":66,"loc":{"start":{"line":66,"column":6},"end":{"line":66,"column":28}},"locations":[{"start":{"line":66,"column":6},"end":{"line":66,"column":28}}]},"9":{"type":"branch","line":66,"loc":{"start":{"line":66,"column":17},"end":{"line":66,"column":31}},"locations":[{"start":{"line":66,"column":17},"end":{"line":66,"column":31}}]},"10":{"type":"branch","line":67,"loc":{"start":{"line":67,"column":6},"end":{"line":67,"column":30}},"locations":[{"start":{"line":67,"column":6},"end":{"line":67,"column":30}}]},"11":{"type":"branch","line":67,"loc":{"start":{"line":67,"column":18},"end":{"line":67,"column":33}},"locations":[{"start":{"line":67,"column":18},"end":{"line":67,"column":33}}]},"12":{"type":"branch","line":74,"loc":{"start":{"line":74,"column":12},"end":{"line":74,"column":76}},"locations":[{"start":{"line":74,"column":12},"end":{"line":74,"column":76}}]},"13":{"type":"branch","line":74,"loc":{"start":{"line":74,"column":23},"end":{"line":74,"column":78}},"locations":[{"start":{"line":74,"column":23},"end":{"line":74,"column":78}}]},"14":{"type":"branch","line":100,"loc":{"start":{"line":100,"column":0},"end":{"line":109,"column":1}},"locations":[{"start":{"line":100,"column":0},"end":{"line":109,"column":1}}]},"15":{"type":"branch","line":111,"loc":{"start":{"line":111,"column":7},"end":{"line":115,"column":1}},"locations":[{"start":{"line":111,"column":7},"end":{"line":115,"column":1}}]},"16":{"type":"branch","line":117,"loc":{"start":{"line":117,"column":7},"end":{"line":134,"column":1}},"locations":[{"start":{"line":117,"column":7},"end":{"line":134,"column":1}}]},"17":{"type":"branch","line":118,"loc":{"start":{"line":118,"column":30},"end":{"line":118,"column":37}},"locations":[{"start":{"line":118,"column":30},"end":{"line":118,"column":37}}]},"18":{"type":"branch","line":131,"loc":{"start":{"line":131,"column":61},"end":{"line":133,"column":3}},"locations":[{"start":{"line":131,"column":61},"end":{"line":133,"column":3}}]},"19":{"type":"branch","line":124,"loc":{"start":{"line":124,"column":16},"end":{"line":128,"column":3}},"locations":[{"start":{"line":124,"column":16},"end":{"line":128,"column":3}}]},"20":{"type":"branch","line":136,"loc":{"start":{"line":136,"column":7},"end":{"line":142,"column":1}},"locations":[{"start":{"line":136,"column":7},"end":{"line":142,"column":1}}]},"21":{"type":"branch","line":137,"loc":{"start":{"line":137,"column":30},"end":{"line":137,"column":37}},"locations":[{"start":{"line":137,"column":30},"end":{"line":137,"column":37}}]}},"b":{"0":[2],"1":[20],"2":[20],"3":[20],"4":[14],"5":[1],"6":[13],"7":[20],"8":[13],"9":[7],"10":[13],"11":[7],"12":[13],"13":[7],"14":[14],"15":[2],"16":[6],"17":[0],"18":[0],"19":[11],"20":[1],"21":[0]},"fnMap":{"0":{"name":"_onClosed","decl":{"start":{"line":14,"column":28},"end":{"line":14,"column":37}},"loc":{"start":{"line":14,"column":28},"end":{"line":14,"column":37}},"line":14},"1":{"name":"initReleaseNotes","decl":{"start":{"line":17,"column":7},"end":{"line":19,"column":1}},"loc":{"start":{"line":17,"column":7},"end":{"line":19,"column":1}},"line":17},"2":{"name":"formatDate","decl":{"start":{"line":21,"column":0},"end":{"line":24,"column":1}},"loc":{"start":{"line":21,"column":0},"end":{"line":24,"column":1}},"line":21},"3":{"name":"escapeHtml","decl":{"start":{"line":26,"column":0},"end":{"line":30,"column":1}},"loc":{"start":{"line":26,"column":0},"end":{"line":30,"column":1}},"line":26},"4":{"name":"renderBody","decl":{"start":{"line":32,"column":0},"end":{"line":34,"column":1}},"loc":{"start":{"line":32,"column":0},"end":{"line":34,"column":1}},"line":32},"5":{"name":"showReleaseNotes","decl":{"start":{"line":36,"column":0},"end":{"line":98,"column":1}},"loc":{"start":{"line":36,"column":0},"end":{"line":98,"column":1}},"line":36},"6":{"name":"bindReleaseNotesEvents","decl":{"start":{"line":100,"column":0},"end":{"line":109,"column":1}},"loc":{"start":{"line":100,"column":0},"end":{"line":109,"column":1}},"line":100},"7":{"name":"hideReleaseNotes","decl":{"start":{"line":111,"column":7},"end":{"line":115,"column":1}},"loc":{"start":{"line":111,"column":7},"end":{"line":115,"column":1}},"line":111},"8":{"name":"navigateReleaseNotes","decl":{"start":{"line":117,"column":7},"end":{"line":134,"column":1}},"loc":{"start":{"line":117,"column":7},"end":{"line":134,"column":1}},"line":117},"9":{"name":"openFocusedRelease","decl":{"start":{"line":136,"column":7},"end":{"line":142,"column":1}},"loc":{"start":{"line":136,"column":7},"end":{"line":142,"column":1}},"line":136}},"f":{"0":0,"1":2,"2":20,"3":20,"4":20,"5":14,"6":14,"7":2,"8":6,"9":1}}
,"/Users/sandroguerreiro/Code/pronto/src/renderer.ts": {"path":"/Users/sandroguerreiro/Code/pronto/src/renderer.ts","all":false,"statementMap":{"0":{"start":{"line":1,"column":0},"end":{"line":1,"column":55}},"19":{"start":{"line":20,"column":0},"end":{"line":20,"column":78}},"20":{"start":{"line":21,"column":0},"end":{"line":21,"column":67}},"21":{"start":{"line":22,"column":0},"end":{"line":22,"column":79}},"22":{"start":{"line":23,"column":0},"end":{"line":23,"column":64}},"23":{"start":{"line":24,"column":0},"end":{"line":24,"column":56}},"24":{"start":{"line":25,"column":0},"end":{"line":25,"column":41}},"25":{"start":{"line":26,"column":0},"end":{"line":26,"column":1}},"27":{"start":{"line":28,"column":0},"end":{"line":28,"column":82}},"28":{"start":{"line":29,"column":0},"end":{"line":29,"column":63}},"29":{"start":{"line":30,"column":0},"end":{"line":30,"column":66}},"30":{"start":{"line":31,"column":0},"end":{"line":31,"column":25}},"31":{"start":{"line":32,"column":0},"end":{"line":32,"column":76}},"32":{"start":{"line":33,"column":0},"end":{"line":33,"column":19}},"33":{"start":{"line":34,"column":0},"end":{"line":34,"column":76}},"34":{"start":{"line":35,"column":0},"end":{"line":35,"column":19}},"35":{"start":{"line":36,"column":0},"end":{"line":36,"column":80}},"36":{"start":{"line":37,"column":0},"end":{"line":37,"column":87}},"37":{"start":{"line":38,"column":0},"end":{"line":38,"column":3}},"38":{"start":{"line":39,"column":0},"end":{"line":39,"column":1}},"40":{"start":{"line":41,"column":0},"end":{"line":41,"column":51}},"44":{"start":{"line":45,"column":0},"end":{"line":45,"column":3}},"45":{"start":{"line":46,"column":0},"end":{"line":46,"column":42}},"46":{"start":{"line":47,"column":0},"end":{"line":47,"column":38}},"47":{"start":{"line":48,"column":0},"end":{"line":48,"column":30}},"48":{"start":{"line":49,"column":0},"end":{"line":49,"column":102}},"49":{"start":{"line":50,"column":0},"end":{"line":50,"column":120}},"50":{"start":{"line":51,"column":0},"end":{"line":51,"column":112}},"51":{"start":{"line":52,"column":0},"end":{"line":52,"column":88}},"52":{"start":{"line":53,"column":0},"end":{"line":53,"column":3}},"53":{"start":{"line":54,"column":0},"end":{"line":54,"column":1}},"57":{"start":{"line":58,"column":0},"end":{"line":58,"column":97}},"58":{"start":{"line":59,"column":0},"end":{"line":59,"column":19}},"60":{"start":{"line":61,"column":0},"end":{"line":61,"column":25}},"61":{"start":{"line":62,"column":0},"end":{"line":62,"column":36}},"62":{"start":{"line":63,"column":0},"end":{"line":63,"column":23}},"63":{"start":{"line":64,"column":0},"end":{"line":64,"column":28}},"64":{"start":{"line":65,"column":0},"end":{"line":65,"column":112}},"65":{"start":{"line":66,"column":0},"end":{"line":66,"column":33}},"66":{"start":{"line":67,"column":0},"end":{"line":67,"column":59}},"67":{"start":{"line":68,"column":0},"end":{"line":68,"column":24}},"68":{"start":{"line":69,"column":0},"end":{"line":69,"column":50}},"69":{"start":{"line":70,"column":0},"end":{"line":70,"column":25}},"70":{"start":{"line":71,"column":0},"end":{"line":71,"column":77}},"71":{"start":{"line":72,"column":0},"end":{"line":72,"column":58}},"72":{"start":{"line":73,"column":0},"end":{"line":73,"column":9}},"73":{"start":{"line":74,"column":0},"end":{"line":74,"column":25}},"74":{"start":{"line":75,"column":0},"end":{"line":75,"column":55}},"75":{"start":{"line":76,"column":0},"end":{"line":76,"column":16}},"76":{"start":{"line":77,"column":0},"end":{"line":77,"column":22}},"77":{"start":{"line":78,"column":0},"end":{"line":78,"column":7}},"78":{"start":{"line":79,"column":0},"end":{"line":79,"column":7}},"79":{"start":{"line":80,"column":0},"end":{"line":80,"column":3}},"81":{"start":{"line":82,"column":0},"end":{"line":82,"column":14}},"82":{"start":{"line":83,"column":0},"end":{"line":83,"column":34}},"83":{"start":{"line":84,"column":0},"end":{"line":84,"column":27}},"84":{"start":{"line":85,"column":0},"end":{"line":85,"column":13}},"85":{"start":{"line":86,"column":0},"end":{"line":86,"column":45}},"86":{"start":{"line":87,"column":0},"end":{"line":87,"column":55}},"87":{"start":{"line":88,"column":0},"end":{"line":88,"column":59}},"88":{"start":{"line":89,"column":0},"end":{"line":89,"column":6}},"89":{"start":{"line":90,"column":0},"end":{"line":90,"column":3}},"91":{"start":{"line":92,"column":0},"end":{"line":92,"column":16}},"92":{"start":{"line":93,"column":0},"end":{"line":93,"column":1}},"96":{"start":{"line":97,"column":0},"end":{"line":97,"column":43}},"97":{"start":{"line":98,"column":0},"end":{"line":98,"column":44}},"98":{"start":{"line":99,"column":0},"end":{"line":99,"column":37}},"99":{"start":{"line":100,"column":0},"end":{"line":100,"column":1}},"101":{"start":{"line":102,"column":0},"end":{"line":102,"column":55}},"102":{"start":{"line":103,"column":0},"end":{"line":103,"column":31}},"103":{"start":{"line":104,"column":0},"end":{"line":104,"column":70}},"104":{"start":{"line":105,"column":0},"end":{"line":105,"column":36}},"105":{"start":{"line":106,"column":0},"end":{"line":106,"column":84}},"106":{"start":{"line":107,"column":0},"end":{"line":107,"column":138}},"107":{"start":{"line":108,"column":0},"end":{"line":108,"column":73}},"108":{"start":{"line":109,"column":0},"end":{"line":109,"column":39}},"110":{"start":{"line":111,"column":0},"end":{"line":111,"column":21}},"111":{"start":{"line":112,"column":0},"end":{"line":112,"column":50}},"112":{"start":{"line":113,"column":0},"end":{"line":113,"column":44}},"113":{"start":{"line":114,"column":0},"end":{"line":114,"column":43}},"114":{"start":{"line":115,"column":0},"end":{"line":115,"column":45}},"115":{"start":{"line":116,"column":0},"end":{"line":116,"column":18}},"118":{"start":{"line":119,"column":0},"end":{"line":119,"column":57}},"119":{"start":{"line":120,"column":0},"end":{"line":120,"column":156}},"120":{"start":{"line":121,"column":0},"end":{"line":121,"column":80}},"121":{"start":{"line":122,"column":0},"end":{"line":122,"column":75}},"123":{"start":{"line":124,"column":0},"end":{"line":124,"column":35}},"124":{"start":{"line":125,"column":0},"end":{"line":125,"column":19}},"125":{"start":{"line":126,"column":0},"end":{"line":126,"column":63}},"126":{"start":{"line":127,"column":0},"end":{"line":127,"column":3}},"127":{"start":{"line":128,"column":0},"end":{"line":128,"column":27}},"128":{"start":{"line":129,"column":0},"end":{"line":129,"column":100}},"129":{"start":{"line":130,"column":0},"end":{"line":130,"column":91}},"130":{"start":{"line":131,"column":0},"end":{"line":131,"column":10}},"131":{"start":{"line":132,"column":0},"end":{"line":132,"column":126}},"132":{"start":{"line":133,"column":0},"end":{"line":133,"column":97}},"133":{"start":{"line":134,"column":0},"end":{"line":134,"column":108}},"134":{"start":{"line":135,"column":0},"end":{"line":135,"column":3}},"135":{"start":{"line":136,"column":0},"end":{"line":136,"column":506}},"136":{"start":{"line":137,"column":0},"end":{"line":137,"column":103}},"138":{"start":{"line":139,"column":0},"end":{"line":139,"column":60}},"140":{"start":{"line":141,"column":0},"end":{"line":141,"column":10}},"141":{"start":{"line":142,"column":0},"end":{"line":142,"column":129}},"142":{"start":{"line":143,"column":0},"end":{"line":143,"column":89}},"144":{"start":{"line":145,"column":0},"end":{"line":145,"column":47}},"146":{"start":{"line":147,"column":0},"end":{"line":147,"column":127}},"147":{"start":{"line":148,"column":0},"end":{"line":148,"column":128}},"148":{"start":{"line":149,"column":0},"end":{"line":149,"column":73}},"150":{"start":{"line":151,"column":0},"end":{"line":151,"column":100}},"155":{"start":{"line":156,"column":0},"end":{"line":156,"column":1}},"159":{"start":{"line":160,"column":0},"end":{"line":160,"column":80}},"160":{"start":{"line":161,"column":0},"end":{"line":161,"column":63}},"161":{"start":{"line":162,"column":0},"end":{"line":162,"column":60}},"162":{"start":{"line":163,"column":0},"end":{"line":163,"column":32}},"163":{"start":{"line":164,"column":0},"end":{"line":164,"column":36}},"164":{"start":{"line":165,"column":0},"end":{"line":165,"column":63}},"165":{"start":{"line":166,"column":0},"end":{"line":166,"column":65}},"166":{"start":{"line":167,"column":0},"end":{"line":167,"column":71}},"167":{"start":{"line":168,"column":0},"end":{"line":168,"column":44}},"168":{"start":{"line":169,"column":0},"end":{"line":169,"column":46}},"169":{"start":{"line":170,"column":0},"end":{"line":170,"column":644}},"170":{"start":{"line":171,"column":0},"end":{"line":171,"column":1}},"174":{"start":{"line":175,"column":0},"end":{"line":175,"column":36}},"175":{"start":{"line":176,"column":0},"end":{"line":176,"column":14}},"176":{"start":{"line":177,"column":0},"end":{"line":177,"column":15}},"177":{"start":{"line":178,"column":0},"end":{"line":178,"column":21}},"178":{"start":{"line":179,"column":0},"end":{"line":179,"column":20}},"179":{"start":{"line":180,"column":0},"end":{"line":180,"column":21}},"180":{"start":{"line":181,"column":0},"end":{"line":181,"column":11}},"181":{"start":{"line":182,"column":0},"end":{"line":182,"column":35}},"182":{"start":{"line":183,"column":0},"end":{"line":183,"column":35}},"183":{"start":{"line":184,"column":0},"end":{"line":184,"column":70}},"184":{"start":{"line":185,"column":0},"end":{"line":185,"column":46}},"185":{"start":{"line":186,"column":0},"end":{"line":186,"column":50}},"186":{"start":{"line":187,"column":0},"end":{"line":187,"column":105}},"187":{"start":{"line":188,"column":0},"end":{"line":188,"column":241}},"188":{"start":{"line":189,"column":0},"end":{"line":189,"column":18}},"189":{"start":{"line":190,"column":0},"end":{"line":190,"column":43}},"190":{"start":{"line":191,"column":0},"end":{"line":191,"column":3}},"191":{"start":{"line":192,"column":0},"end":{"line":192,"column":23}},"192":{"start":{"line":193,"column":0},"end":{"line":193,"column":14}},"193":{"start":{"line":194,"column":0},"end":{"line":194,"column":1}},"195":{"start":{"line":196,"column":0},"end":{"line":196,"column":89}},"196":{"start":{"line":197,"column":0},"end":{"line":197,"column":32}},"197":{"start":{"line":198,"column":0},"end":{"line":198,"column":41}},"198":{"start":{"line":199,"column":0},"end":{"line":199,"column":16}},"200":{"start":{"line":201,"column":0},"end":{"line":201,"column":125}},"201":{"start":{"line":202,"column":0},"end":{"line":202,"column":39}},"202":{"start":{"line":203,"column":0},"end":{"line":203,"column":14}},"203":{"start":{"line":204,"column":0},"end":{"line":204,"column":3}},"205":{"start":{"line":206,"column":0},"end":{"line":206,"column":39}},"206":{"start":{"line":207,"column":0},"end":{"line":207,"column":26}},"207":{"start":{"line":208,"column":0},"end":{"line":208,"column":31}},"208":{"start":{"line":209,"column":0},"end":{"line":209,"column":71}},"209":{"start":{"line":210,"column":0},"end":{"line":210,"column":47}},"210":{"start":{"line":211,"column":0},"end":{"line":211,"column":44}},"211":{"start":{"line":212,"column":0},"end":{"line":212,"column":55}},"212":{"start":{"line":213,"column":0},"end":{"line":213,"column":101}},"213":{"start":{"line":214,"column":0},"end":{"line":214,"column":186}},"215":{"start":{"line":216,"column":0},"end":{"line":216,"column":23}},"216":{"start":{"line":217,"column":0},"end":{"line":217,"column":46}},"217":{"start":{"line":218,"column":0},"end":{"line":218,"column":44}},"218":{"start":{"line":219,"column":0},"end":{"line":219,"column":44}},"219":{"start":{"line":220,"column":0},"end":{"line":220,"column":104}},"220":{"start":{"line":221,"column":0},"end":{"line":221,"column":7}},"222":{"start":{"line":223,"column":0},"end":{"line":223,"column":25}},"223":{"start":{"line":224,"column":0},"end":{"line":224,"column":44}},"224":{"start":{"line":225,"column":0},"end":{"line":225,"column":51}},"225":{"start":{"line":226,"column":0},"end":{"line":226,"column":51}},"226":{"start":{"line":227,"column":0},"end":{"line":227,"column":37}},"227":{"start":{"line":228,"column":0},"end":{"line":228,"column":60}},"228":{"start":{"line":229,"column":0},"end":{"line":229,"column":9}},"229":{"start":{"line":230,"column":0},"end":{"line":230,"column":51}},"230":{"start":{"line":231,"column":0},"end":{"line":231,"column":51}},"231":{"start":{"line":232,"column":0},"end":{"line":232,"column":51}},"232":{"start":{"line":233,"column":0},"end":{"line":233,"column":37}},"233":{"start":{"line":234,"column":0},"end":{"line":234,"column":61}},"234":{"start":{"line":235,"column":0},"end":{"line":235,"column":9}},"235":{"start":{"line":236,"column":0},"end":{"line":236,"column":7}},"236":{"start":{"line":237,"column":0},"end":{"line":237,"column":5}},"238":{"start":{"line":239,"column":0},"end":{"line":239,"column":25}},"239":{"start":{"line":240,"column":0},"end":{"line":240,"column":3}},"241":{"start":{"line":242,"column":0},"end":{"line":242,"column":21}},"242":{"start":{"line":243,"column":0},"end":{"line":243,"column":35}},"243":{"start":{"line":244,"column":0},"end":{"line":244,"column":42}},"244":{"start":{"line":245,"column":0},"end":{"line":245,"column":28}},"245":{"start":{"line":246,"column":0},"end":{"line":246,"column":33}},"246":{"start":{"line":247,"column":0},"end":{"line":247,"column":68}},"247":{"start":{"line":248,"column":0},"end":{"line":248,"column":114}},"248":{"start":{"line":249,"column":0},"end":{"line":249,"column":188}},"249":{"start":{"line":250,"column":0},"end":{"line":250,"column":27}},"250":{"start":{"line":251,"column":0},"end":{"line":251,"column":5}},"252":{"start":{"line":253,"column":0},"end":{"line":253,"column":42}},"253":{"start":{"line":254,"column":0},"end":{"line":254,"column":42}},"254":{"start":{"line":255,"column":0},"end":{"line":255,"column":28}},"255":{"start":{"line":256,"column":0},"end":{"line":256,"column":33}},"256":{"start":{"line":257,"column":0},"end":{"line":257,"column":68}},"257":{"start":{"line":258,"column":0},"end":{"line":258,"column":97}},"258":{"start":{"line":259,"column":0},"end":{"line":259,"column":188}},"259":{"start":{"line":260,"column":0},"end":{"line":260,"column":27}},"260":{"start":{"line":261,"column":0},"end":{"line":261,"column":5}},"262":{"start":{"line":263,"column":0},"end":{"line":263,"column":83}},"263":{"start":{"line":264,"column":0},"end":{"line":264,"column":40}},"264":{"start":{"line":265,"column":0},"end":{"line":265,"column":45}},"265":{"start":{"line":266,"column":0},"end":{"line":266,"column":42}},"266":{"start":{"line":267,"column":0},"end":{"line":267,"column":66}},"267":{"start":{"line":268,"column":0},"end":{"line":268,"column":61}},"268":{"start":{"line":269,"column":0},"end":{"line":269,"column":5}},"269":{"start":{"line":270,"column":0},"end":{"line":270,"column":47}},"270":{"start":{"line":271,"column":0},"end":{"line":271,"column":45}},"271":{"start":{"line":272,"column":0},"end":{"line":272,"column":42}},"272":{"start":{"line":273,"column":0},"end":{"line":273,"column":66}},"273":{"start":{"line":274,"column":0},"end":{"line":274,"column":62}},"274":{"start":{"line":275,"column":0},"end":{"line":275,"column":5}},"275":{"start":{"line":276,"column":0},"end":{"line":276,"column":49}},"276":{"start":{"line":277,"column":0},"end":{"line":277,"column":28}},"277":{"start":{"line":278,"column":0},"end":{"line":278,"column":33}},"278":{"start":{"line":279,"column":0},"end":{"line":279,"column":68}},"279":{"start":{"line":280,"column":0},"end":{"line":280,"column":97}},"280":{"start":{"line":281,"column":0},"end":{"line":281,"column":188}},"281":{"start":{"line":282,"column":0},"end":{"line":282,"column":45}},"282":{"start":{"line":283,"column":0},"end":{"line":283,"column":59}},"283":{"start":{"line":284,"column":0},"end":{"line":284,"column":7}},"284":{"start":{"line":285,"column":0},"end":{"line":285,"column":27}},"285":{"start":{"line":286,"column":0},"end":{"line":286,"column":5}},"286":{"start":{"line":287,"column":0},"end":{"line":287,"column":3}},"288":{"start":{"line":289,"column":0},"end":{"line":289,"column":14}},"289":{"start":{"line":290,"column":0},"end":{"line":290,"column":1}},"293":{"start":{"line":294,"column":0},"end":{"line":294,"column":51}},"294":{"start":{"line":295,"column":0},"end":{"line":295,"column":63}},"295":{"start":{"line":296,"column":0},"end":{"line":296,"column":31}},"296":{"start":{"line":297,"column":0},"end":{"line":297,"column":79}},"297":{"start":{"line":298,"column":0},"end":{"line":298,"column":4}},"299":{"start":{"line":300,"column":0},"end":{"line":300,"column":28}},"300":{"start":{"line":301,"column":0},"end":{"line":301,"column":42}},"301":{"start":{"line":302,"column":0},"end":{"line":302,"column":36}},"302":{"start":{"line":303,"column":0},"end":{"line":303,"column":53}},"303":{"start":{"line":304,"column":0},"end":{"line":304,"column":35}},"304":{"start":{"line":305,"column":0},"end":{"line":305,"column":46}},"305":{"start":{"line":306,"column":0},"end":{"line":306,"column":30}},"306":{"start":{"line":307,"column":0},"end":{"line":307,"column":3}},"308":{"start":{"line":309,"column":0},"end":{"line":309,"column":59}},"309":{"start":{"line":310,"column":0},"end":{"line":310,"column":76}},"310":{"start":{"line":311,"column":0},"end":{"line":311,"column":76}},"311":{"start":{"line":312,"column":0},"end":{"line":312,"column":46}},"312":{"start":{"line":313,"column":0},"end":{"line":313,"column":36}},"313":{"start":{"line":314,"column":0},"end":{"line":314,"column":5}},"315":{"start":{"line":316,"column":0},"end":{"line":316,"column":45}},"316":{"start":{"line":317,"column":0},"end":{"line":317,"column":63}},"317":{"start":{"line":318,"column":0},"end":{"line":318,"column":36}},"318":{"start":{"line":319,"column":0},"end":{"line":319,"column":36}},"319":{"start":{"line":320,"column":0},"end":{"line":320,"column":80}},"320":{"start":{"line":321,"column":0},"end":{"line":321,"column":80}},"321":{"start":{"line":322,"column":0},"end":{"line":322,"column":48}},"322":{"start":{"line":323,"column":0},"end":{"line":323,"column":38}},"323":{"start":{"line":324,"column":0},"end":{"line":324,"column":7}},"324":{"start":{"line":325,"column":0},"end":{"line":325,"column":69}},"325":{"start":{"line":326,"column":0},"end":{"line":326,"column":5}},"326":{"start":{"line":327,"column":0},"end":{"line":327,"column":1}},"330":{"start":{"line":331,"column":0},"end":{"line":331,"column":60}},"331":{"start":{"line":332,"column":0},"end":{"line":332,"column":34}},"332":{"start":{"line":333,"column":0},"end":{"line":333,"column":31}},"333":{"start":{"line":334,"column":0},"end":{"line":334,"column":79}},"334":{"start":{"line":335,"column":0},"end":{"line":335,"column":4}},"335":{"start":{"line":336,"column":0},"end":{"line":336,"column":43}},"336":{"start":{"line":337,"column":0},"end":{"line":337,"column":1}},"340":{"start":{"line":341,"column":0},"end":{"line":341,"column":104}},"341":{"start":{"line":342,"column":0},"end":{"line":342,"column":34}},"342":{"start":{"line":343,"column":0},"end":{"line":343,"column":85}},"343":{"start":{"line":344,"column":0},"end":{"line":344,"column":23}},"344":{"start":{"line":345,"column":0},"end":{"line":345,"column":57}},"345":{"start":{"line":346,"column":0},"end":{"line":346,"column":49}},"346":{"start":{"line":347,"column":0},"end":{"line":347,"column":10}},"347":{"start":{"line":348,"column":0},"end":{"line":348,"column":86}},"350":{"start":{"line":351,"column":0},"end":{"line":351,"column":51}},"352":{"start":{"line":353,"column":0},"end":{"line":353,"column":13}},"355":{"start":{"line":356,"column":0},"end":{"line":356,"column":1}}},"s":{"0":1,"19":1,"20":152,"21":152,"22":150,"23":113,"24":4,"25":4,"27":1,"28":154,"29":154,"30":11,"31":94,"32":154,"33":154,"34":154,"35":154,"36":154,"37":154,"38":154,"40":1,"44":151,"45":151,"46":151,"47":151,"48":151,"49":151,"50":151,"51":151,"52":151,"53":151,"57":1,"58":24,"60":24,"61":12,"62":45,"63":45,"64":3,"65":45,"66":4,"67":45,"68":12,"69":45,"70":5,"71":5,"72":5,"73":45,"74":21,"75":45,"76":0,"77":45,"78":12,"79":12,"81":24,"82":15,"83":15,"84":15,"85":29,"86":22,"87":18,"88":15,"89":15,"91":24,"92":24,"96":146,"97":146,"98":146,"99":146,"101":1,"102":146,"103":146,"104":146,"105":146,"106":146,"107":146,"108":146,"110":146,"111":146,"112":144,"113":142,"114":7,"115":3,"118":146,"119":146,"120":146,"121":146,"123":146,"124":146,"125":2,"126":2,"127":146,"128":2,"129":2,"130":146,"131":144,"132":144,"133":144,"134":144,"135":146,"136":146,"138":146,"140":146,"141":146,"142":146,"144":146,"146":146,"147":146,"148":146,"150":146,"155":146,"159":1,"160":64,"161":64,"162":64,"163":64,"164":64,"165":64,"166":64,"167":64,"168":64,"169":64,"170":64,"174":1,"175":31,"176":31,"177":31,"178":31,"179":31,"180":31,"181":31,"182":31,"183":31,"184":31,"185":31,"186":31,"187":31,"188":31,"189":27,"190":27,"191":31,"192":31,"193":31,"195":1,"196":23,"197":23,"198":23,"200":23,"201":23,"202":1,"203":1,"205":22,"206":20,"207":20,"208":20,"209":20,"210":20,"211":20,"212":20,"213":20,"215":20,"216":19,"217":19,"218":19,"219":19,"220":19,"222":19,"223":18,"224":1,"225":1,"226":1,"227":1,"228":1,"229":18,"230":1,"231":1,"232":1,"233":1,"234":1,"235":18,"236":19,"238":20,"239":20,"241":23,"242":20,"243":3,"244":2,"245":2,"246":3,"247":3,"248":3,"249":3,"250":3,"252":20,"253":1,"254":1,"255":1,"256":1,"257":1,"258":1,"259":1,"260":1,"262":20,"263":20,"264":2,"265":2,"266":1,"267":1,"268":1,"269":20,"270":2,"271":2,"272":1,"273":1,"274":1,"275":20,"276":2,"277":2,"278":2,"279":2,"280":2,"281":2,"282":2,"283":2,"284":2,"285":2,"286":20,"288":22,"289":22,"293":23,"294":23,"295":23,"296":23,"297":23,"299":23,"300":20,"301":20,"302":20,"303":20,"304":20,"305":20,"306":20,"308":23,"309":4,"310":4,"311":4,"312":2,"313":23,"315":23,"316":20,"317":0,"318":0,"319":0,"320":0,"321":0,"322":0,"323":20,"324":20,"325":23,"326":23,"330":1,"331":99,"332":83,"333":83,"334":83,"335":83,"336":83,"340":1,"341":13,"342":13,"343":13,"344":12,"345":13,"346":13,"347":13,"350":13,"352":13,"355":13},"branchMap":{"0":{"type":"branch","line":20,"loc":{"start":{"line":20,"column":7},"end":{"line":26,"column":1}},"locations":[{"start":{"line":20,"column":7},"end":{"line":26,"column":1}}]},"1":{"type":"branch","line":21,"loc":{"start":{"line":21,"column":26},"end":{"line":21,"column":67}},"locations":[{"start":{"line":21,"column":26},"end":{"line":21,"column":67}}]},"2":{"type":"branch","line":21,"loc":{"start":{"line":21,"column":65},"end":{"line":22,"column":41}},"locations":[{"start":{"line":21,"column":65},"end":{"line":22,"column":41}}]},"3":{"type":"branch","line":21,"loc":{"start":{"line":21,"column":65},"end":{"line":22,"column":29}},"locations":[{"start":{"line":21,"column":65},"end":{"line":22,"column":29}}]},"4":{"type":"branch","line":22,"loc":{"start":{"line":22,"column":19},"end":{"line":22,"column":41}},"locations":[{"start":{"line":22,"column":19},"end":{"line":22,"column":41}}]},"5":{"type":"branch","line":22,"loc":{"start":{"line":22,"column":41},"end":{"line":22,"column":79}},"locations":[{"start":{"line":22,"column":41},"end":{"line":22,"column":79}}]},"6":{"type":"branch","line":22,"loc":{"start":{"line":22,"column":77},"end":{"line":23,"column":64}},"locations":[{"start":{"line":22,"column":77},"end":{"line":23,"column":64}}]},"7":{"type":"branch","line":22,"loc":{"start":{"line":22,"column":77},"end":{"line":23,"column":34}},"locations":[{"start":{"line":22,"column":77},"end":{"line":23,"column":34}}]},"8":{"type":"branch","line":23,"loc":{"start":{"line":23,"column":27},"end":{"line":23,"column":64}},"locations":[{"start":{"line":23,"column":27},"end":{"line":23,"column":64}}]},"9":{"type":"branch","line":23,"loc":{"start":{"line":23,"column":62},"end":{"line":26,"column":1}},"locations":[{"start":{"line":23,"column":62},"end":{"line":26,"column":1}}]},"10":{"type":"branch","line":23,"loc":{"start":{"line":23,"column":62},"end":{"line":24,"column":24}},"locations":[{"start":{"line":23,"column":62},"end":{"line":24,"column":24}}]},"11":{"type":"branch","line":24,"loc":{"start":{"line":24,"column":17},"end":{"line":26,"column":1}},"locations":[{"start":{"line":24,"column":17},"end":{"line":26,"column":1}}]},"12":{"type":"branch","line":24,"loc":{"start":{"line":24,"column":17},"end":{"line":24,"column":56}},"locations":[{"start":{"line":24,"column":17},"end":{"line":24,"column":56}}]},"13":{"type":"branch","line":24,"loc":{"start":{"line":24,"column":54},"end":{"line":26,"column":1}},"locations":[{"start":{"line":24,"column":54},"end":{"line":26,"column":1}}]},"14":{"type":"branch","line":28,"loc":{"start":{"line":28,"column":7},"end":{"line":39,"column":1}},"locations":[{"start":{"line":28,"column":7},"end":{"line":39,"column":1}}]},"15":{"type":"branch","line":29,"loc":{"start":{"line":29,"column":35},"end":{"line":29,"column":45}},"locations":[{"start":{"line":29,"column":35},"end":{"line":29,"column":45}}]},"16":{"type":"branch","line":30,"loc":{"start":{"line":30,"column":15},"end":{"line":30,"column":66}},"locations":[{"start":{"line":30,"column":15},"end":{"line":30,"column":66}}]},"17":{"type":"branch","line":30,"loc":{"start":{"line":30,"column":64},"end":{"line":32,"column":76}},"locations":[{"start":{"line":30,"column":64},"end":{"line":32,"column":76}}]},"18":{"type":"branch","line":30,"loc":{"start":{"line":30,"column":64},"end":{"line":31,"column":25}},"locations":[{"start":{"line":30,"column":64},"end":{"line":31,"column":25}}]},"19":{"type":"branch","line":32,"loc":{"start":{"line":32,"column":4},"end":{"line":32,"column":76}},"locations":[{"start":{"line":32,"column":4},"end":{"line":32,"column":76}}]},"20":{"type":"branch","line":33,"loc":{"start":{"line":33,"column":4},"end":{"line":33,"column":19}},"locations":[{"start":{"line":33,"column":4},"end":{"line":33,"column":19}}]},"21":{"type":"branch","line":34,"loc":{"start":{"line":34,"column":4},"end":{"line":34,"column":76}},"locations":[{"start":{"line":34,"column":4},"end":{"line":34,"column":76}}]},"22":{"type":"branch","line":35,"loc":{"start":{"line":35,"column":4},"end":{"line":35,"column":19}},"locations":[{"start":{"line":35,"column":4},"end":{"line":35,"column":19}}]},"23":{"type":"branch","line":36,"loc":{"start":{"line":36,"column":4},"end":{"line":36,"column":80}},"locations":[{"start":{"line":36,"column":4},"end":{"line":36,"column":80}}]},"24":{"type":"branch","line":37,"loc":{"start":{"line":37,"column":4},"end":{"line":37,"column":87}},"locations":[{"start":{"line":37,"column":4},"end":{"line":37,"column":87}}]},"25":{"type":"branch","line":41,"loc":{"start":{"line":41,"column":7},"end":{"line":54,"column":1}},"locations":[{"start":{"line":41,"column":7},"end":{"line":54,"column":1}}]},"26":{"type":"branch","line":49,"loc":{"start":{"line":49,"column":4},"end":{"line":49,"column":102}},"locations":[{"start":{"line":49,"column":4},"end":{"line":49,"column":102}}]},"27":{"type":"branch","line":50,"loc":{"start":{"line":50,"column":4},"end":{"line":50,"column":120}},"locations":[{"start":{"line":50,"column":4},"end":{"line":50,"column":120}}]},"28":{"type":"branch","line":51,"loc":{"start":{"line":51,"column":4},"end":{"line":51,"column":112}},"locations":[{"start":{"line":51,"column":4},"end":{"line":51,"column":112}}]},"29":{"type":"branch","line":52,"loc":{"start":{"line":52,"column":4},"end":{"line":52,"column":88}},"locations":[{"start":{"line":52,"column":4},"end":{"line":52,"column":88}}]},"30":{"type":"branch","line":58,"loc":{"start":{"line":58,"column":7},"end":{"line":93,"column":1}},"locations":[{"start":{"line":58,"column":7},"end":{"line":93,"column":1}}]},"31":{"type":"branch","line":61,"loc":{"start":{"line":61,"column":24},"end":{"line":80,"column":3}},"locations":[{"start":{"line":61,"column":24},"end":{"line":80,"column":3}}]},"32":{"type":"branch","line":82,"loc":{"start":{"line":82,"column":13},"end":{"line":90,"column":3}},"locations":[{"start":{"line":82,"column":13},"end":{"line":90,"column":3}}]},"33":{"type":"branch","line":62,"loc":{"start":{"line":62,"column":27},"end":{"line":79,"column":5}},"locations":[{"start":{"line":62,"column":27},"end":{"line":79,"column":5}}]},"34":{"type":"branch","line":64,"loc":{"start":{"line":64,"column":8},"end":{"line":65,"column":112}},"locations":[{"start":{"line":64,"column":8},"end":{"line":65,"column":112}}]},"35":{"type":"branch","line":65,"loc":{"start":{"line":65,"column":63},"end":{"line":65,"column":112}},"locations":[{"start":{"line":65,"column":63},"end":{"line":65,"column":112}}]},"36":{"type":"branch","line":66,"loc":{"start":{"line":66,"column":8},"end":{"line":67,"column":59}},"locations":[{"start":{"line":66,"column":8},"end":{"line":67,"column":59}}]},"37":{"type":"branch","line":68,"loc":{"start":{"line":68,"column":8},"end":{"line":69,"column":50}},"locations":[{"start":{"line":68,"column":8},"end":{"line":69,"column":50}}]},"38":{"type":"branch","line":70,"loc":{"start":{"line":70,"column":8},"end":{"line":73,"column":9}},"locations":[{"start":{"line":70,"column":8},"end":{"line":73,"column":9}}]},"39":{"type":"branch","line":71,"loc":{"start":{"line":71,"column":42},"end":{"line":71,"column":52}},"locations":[{"start":{"line":71,"column":42},"end":{"line":71,"column":52}}]},"40":{"type":"branch","line":71,"loc":{"start":{"line":71,"column":52},"end":{"line":71,"column":77}},"locations":[{"start":{"line":71,"column":52},"end":{"line":71,"column":77}}]},"41":{"type":"branch","line":72,"loc":{"start":{"line":72,"column":27},"end":{"line":72,"column":58}},"locations":[{"start":{"line":72,"column":27},"end":{"line":72,"column":58}}]},"42":{"type":"branch","line":74,"loc":{"start":{"line":74,"column":8},"end":{"line":75,"column":55}},"locations":[{"start":{"line":74,"column":8},"end":{"line":75,"column":55}}]},"43":{"type":"branch","line":76,"loc":{"start":{"line":76,"column":8},"end":{"line":77,"column":22}},"locations":[{"start":{"line":76,"column":8},"end":{"line":77,"column":22}}]},"44":{"type":"branch","line":85,"loc":{"start":{"line":85,"column":6},"end":{"line":88,"column":59}},"locations":[{"start":{"line":85,"column":6},"end":{"line":88,"column":59}}]},"45":{"type":"branch","line":86,"loc":{"start":{"line":86,"column":41},"end":{"line":87,"column":55}},"locations":[{"start":{"line":86,"column":41},"end":{"line":87,"column":55}}]},"46":{"type":"branch","line":87,"loc":{"start":{"line":87,"column":51},"end":{"line":88,"column":59}},"locations":[{"start":{"line":87,"column":51},"end":{"line":88,"column":59}}]},"47":{"type":"branch","line":97,"loc":{"start":{"line":97,"column":0},"end":{"line":100,"column":1}},"locations":[{"start":{"line":97,"column":0},"end":{"line":100,"column":1}}]},"48":{"type":"branch","line":99,"loc":{"start":{"line":99,"column":9},"end":{"line":99,"column":34}},"locations":[{"start":{"line":99,"column":9},"end":{"line":99,"column":34}}]},"49":{"type":"branch","line":99,"loc":{"start":{"line":99,"column":29},"end":{"line":99,"column":37}},"locations":[{"start":{"line":99,"column":29},"end":{"line":99,"column":37}}]},"50":{"type":"branch","line":102,"loc":{"start":{"line":102,"column":7},"end":{"line":156,"column":1}},"locations":[{"start":{"line":102,"column":7},"end":{"line":156,"column":1}}]},"51":{"type":"branch","line":112,"loc":{"start":{"line":112,"column":21},"end":{"line":112,"column":50}},"locations":[{"start":{"line":112,"column":21},"end":{"line":112,"column":50}}]},"52":{"type":"branch","line":112,"loc":{"start":{"line":112,"column":34},"end":{"line":116,"column":18}},"locations":[{"start":{"line":112,"column":34},"end":{"line":116,"column":18}}]},"53":{"type":"branch","line":113,"loc":{"start":{"line":113,"column":23},"end":{"line":113,"column":44}},"locations":[{"start":{"line":113,"column":23},"end":{"line":113,"column":44}}]},"54":{"type":"branch","line":113,"loc":{"start":{"line":113,"column":34},"end":{"line":116,"column":18}},"locations":[{"start":{"line":113,"column":34},"end":{"line":116,"column":18}}]},"55":{"type":"branch","line":114,"loc":{"start":{"line":114,"column":23},"end":{"line":114,"column":43}},"locations":[{"start":{"line":114,"column":23},"end":{"line":114,"column":43}}]},"56":{"type":"branch","line":114,"loc":{"start":{"line":114,"column":34},"end":{"line":116,"column":18}},"locations":[{"start":{"line":114,"column":34},"end":{"line":116,"column":18}}]},"57":{"type":"branch","line":115,"loc":{"start":{"line":115,"column":23},"end":{"line":115,"column":45}},"locations":[{"start":{"line":115,"column":23},"end":{"line":115,"column":45}}]},"58":{"type":"branch","line":115,"loc":{"start":{"line":115,"column":34},"end":{"line":116,"column":18}},"locations":[{"start":{"line":115,"column":34},"end":{"line":116,"column":18}}]},"59":{"type":"branch","line":119,"loc":{"start":{"line":119,"column":18},"end":{"line":119,"column":49}},"locations":[{"start":{"line":119,"column":18},"end":{"line":119,"column":49}}]},"60":{"type":"branch","line":120,"loc":{"start":{"line":120,"column":30},"end":{"line":120,"column":65}},"locations":[{"start":{"line":120,"column":30},"end":{"line":120,"column":65}}]},"61":{"type":"branch","line":120,"loc":{"start":{"line":120,"column":65},"end":{"line":120,"column":102}},"locations":[{"start":{"line":120,"column":65},"end":{"line":120,"column":102}}]},"62":{"type":"branch","line":120,"loc":{"start":{"line":120,"column":74},"end":{"line":120,"column":130}},"locations":[{"start":{"line":120,"column":74},"end":{"line":120,"column":130}}]},"63":{"type":"branch","line":120,"loc":{"start":{"line":120,"column":102},"end":{"line":120,"column":130}},"locations":[{"start":{"line":120,"column":102},"end":{"line":120,"column":130}}]},"64":{"type":"branch","line":120,"loc":{"start":{"line":120,"column":111},"end":{"line":120,"column":153}},"locations":[{"start":{"line":120,"column":111},"end":{"line":120,"column":153}}]},"65":{"type":"branch","line":120,"loc":{"start":{"line":120,"column":130},"end":{"line":120,"column":156}},"locations":[{"start":{"line":120,"column":130},"end":{"line":120,"column":156}}]},"66":{"type":"branch","line":121,"loc":{"start":{"line":121,"column":29},"end":{"line":121,"column":54}},"locations":[{"start":{"line":121,"column":29},"end":{"line":121,"column":54}}]},"67":{"type":"branch","line":121,"loc":{"start":{"line":121,"column":38},"end":{"line":121,"column":77}},"locations":[{"start":{"line":121,"column":38},"end":{"line":121,"column":77}}]},"68":{"type":"branch","line":121,"loc":{"start":{"line":121,"column":54},"end":{"line":121,"column":80}},"locations":[{"start":{"line":121,"column":54},"end":{"line":121,"column":80}}]},"69":{"type":"branch","line":122,"loc":{"start":{"line":122,"column":24},"end":{"line":122,"column":47}},"locations":[{"start":{"line":122,"column":24},"end":{"line":122,"column":47}}]},"70":{"type":"branch","line":122,"loc":{"start":{"line":122,"column":33},"end":{"line":122,"column":72}},"locations":[{"start":{"line":122,"column":33},"end":{"line":122,"column":72}}]},"71":{"type":"branch","line":122,"loc":{"start":{"line":122,"column":47},"end":{"line":122,"column":75}},"locations":[{"start":{"line":122,"column":47},"end":{"line":122,"column":75}}]},"72":{"type":"branch","line":125,"loc":{"start":{"line":125,"column":18},"end":{"line":127,"column":3}},"locations":[{"start":{"line":125,"column":18},"end":{"line":127,"column":3}}]},"73":{"type":"branch","line":128,"loc":{"start":{"line":128,"column":26},"end":{"line":131,"column":9}},"locations":[{"start":{"line":128,"column":26},"end":{"line":131,"column":9}}]},"74":{"type":"branch","line":131,"loc":{"start":{"line":131,"column":2},"end":{"line":135,"column":3}},"locations":[{"start":{"line":131,"column":2},"end":{"line":135,"column":3}}]},"75":{"type":"branch","line":132,"loc":{"start":{"line":132,"column":8},"end":{"line":132,"column":35}},"locations":[{"start":{"line":132,"column":8},"end":{"line":132,"column":35}}]},"76":{"type":"branch","line":132,"loc":{"start":{"line":132,"column":35},"end":{"line":132,"column":126}},"locations":[{"start":{"line":132,"column":35},"end":{"line":132,"column":126}}]},"77":{"type":"branch","line":134,"loc":{"start":{"line":134,"column":21},"end":{"line":134,"column":108}},"locations":[{"start":{"line":134,"column":21},"end":{"line":134,"column":108}}]},"78":{"type":"branch","line":142,"loc":{"start":{"line":142,"column":25},"end":{"line":142,"column":54}},"locations":[{"start":{"line":142,"column":25},"end":{"line":142,"column":54}}]},"79":{"type":"branch","line":142,"loc":{"start":{"line":142,"column":39},"end":{"line":142,"column":56}},"locations":[{"start":{"line":142,"column":39},"end":{"line":142,"column":56}}]},"80":{"type":"branch","line":147,"loc":{"start":{"line":147,"column":12},"end":{"line":147,"column":124}},"locations":[{"start":{"line":147,"column":12},"end":{"line":147,"column":124}}]},"81":{"type":"branch","line":147,"loc":{"start":{"line":147,"column":81},"end":{"line":147,"column":126}},"locations":[{"start":{"line":147,"column":81},"end":{"line":147,"column":126}}]},"82":{"type":"branch","line":148,"loc":{"start":{"line":148,"column":13},"end":{"line":148,"column":125}},"locations":[{"start":{"line":148,"column":13},"end":{"line":148,"column":125}}]},"83":{"type":"branch","line":148,"loc":{"start":{"line":148,"column":82},"end":{"line":148,"column":127}},"locations":[{"start":{"line":148,"column":82},"end":{"line":148,"column":127}}]},"84":{"type":"branch","line":149,"loc":{"start":{"line":149,"column":12},"end":{"line":149,"column":70}},"locations":[{"start":{"line":149,"column":12},"end":{"line":149,"column":70}}]},"85":{"type":"branch","line":149,"loc":{"start":{"line":149,"column":58},"end":{"line":149,"column":72}},"locations":[{"start":{"line":149,"column":58},"end":{"line":149,"column":72}}]},"86":{"type":"branch","line":106,"loc":{"start":{"line":106,"column":56},"end":{"line":106,"column":75}},"locations":[{"start":{"line":106,"column":56},"end":{"line":106,"column":75}}]},"87":{"type":"branch","line":107,"loc":{"start":{"line":107,"column":65},"end":{"line":107,"column":85}},"locations":[{"start":{"line":107,"column":65},"end":{"line":107,"column":85}}]},"88":{"type":"branch","line":107,"loc":{"start":{"line":107,"column":94},"end":{"line":107,"column":135}},"
[...]
"column":17}},"locations":[{"start":{"line":383,"column":21},"end":{"line":392,"column":17}}]},"144":{"type":"branch","line":392,"loc":{"start":{"line":392,"column":24},"end":{"line":394,"column":7}},"locations":[{"start":{"line":392,"column":24},"end":{"line":394,"column":7}}]},"145":{"type":"branch","line":401,"loc":{"start":{"line":401,"column":7},"end":{"line":531,"column":1}},"locations":[{"start":{"line":401,"column":7},"end":{"line":531,"column":1}}]},"146":{"type":"branch","line":405,"loc":{"start":{"line":405,"column":49},"end":{"line":473,"column":3}},"locations":[{"start":{"line":405,"column":49},"end":{"line":473,"column":3}}]},"147":{"type":"branch","line":406,"loc":{"start":{"line":406,"column":35},"end":{"line":420,"column":5}},"locations":[{"start":{"line":406,"column":35},"end":{"line":420,"column":5}}]},"148":{"type":"branch","line":409,"loc":{"start":{"line":409,"column":48},"end":{"line":419,"column":7}},"locations":[{"start":{"line":409,"column":48},"end":{"line":419,"column":7}}]},"149":{"type":"branch","line":410,"loc":{"start":{"line":410,"column":26},"end":{"line":410,"column":78}},"locations":[{"start":{"line":410,"column":26},"end":{"line":410,"column":78}}]},"150":{"type":"branch","line":414,"loc":{"start":{"line":414,"column":62},"end":{"line":414,"column":78}},"locations":[{"start":{"line":414,"column":62},"end":{"line":414,"column":78}}]},"151":{"type":"branch","line":425,"loc":{"start":{"line":425,"column":40},"end":{"line":434,"column":7}},"locations":[{"start":{"line":425,"column":40},"end":{"line":434,"column":7}}]},"152":{"type":"branch","line":429,"loc":{"start":{"line":429,"column":50},"end":{"line":432,"column":11}},"locations":[{"start":{"line":429,"column":50},"end":{"line":432,"column":11}}]},"153":{"type":"branch","line":431,"loc":{"start":{"line":431,"column":23},"end":{"line":431,"column":65}},"locations":[{"start":{"line":431,"column":23},"end":{"line":431,"column":65}}]},"154":{"type":"branch","line":439,"loc":{"start":{"line":439,"column":40},"end":{"line":458,"column":5}},"locations":[{"start":{"line":439,"column":40},"end":{"line":458,"column":5}}]},"155":{"type":"branch","line":440,"loc":{"start":{"line":440,"column":43},"end":{"line":440,"column":50}},"locations":[{"start":{"line":440,"column":43},"end":{"line":440,"column":50}}]},"156":{"type":"branch","line":440,"loc":{"start":{"line":440,"column":43},"end":{"line":444,"column":49}},"locations":[{"start":{"line":440,"column":43},"end":{"line":444,"column":49}}]},"157":{"type":"branch","line":444,"loc":{"start":{"line":444,"column":49},"end":{"line":457,"column":7}},"locations":[{"start":{"line":444,"column":49},"end":{"line":457,"column":7}}]},"158":{"type":"branch","line":448,"loc":{"start":{"line":448,"column":34},"end":{"line":456,"column":11}},"locations":[{"start":{"line":448,"column":34},"end":{"line":456,"column":11}}]},"159":{"type":"branch","line":451,"loc":{"start":{"line":451,"column":64},"end":{"line":451,"column":80}},"locations":[{"start":{"line":451,"column":64},"end":{"line":451,"column":80}}]},"160":{"type":"branch","line":459,"loc":{"start":{"line":459,"column":40},"end":{"line":472,"column":5}},"locations":[{"start":{"line":459,"column":40},"end":{"line":472,"column":5}}]},"161":{"type":"branch","line":468,"loc":{"start":{"line":468,"column":19},"end":{"line":468,"column":69}},"locations":[{"start":{"line":468,"column":19},"end":{"line":468,"column":69}}]},"162":{"type":"branch","line":476,"loc":{"start":{"line":476,"column":67},"end":{"line":486,"column":3}},"locations":[{"start":{"line":476,"column":67},"end":{"line":486,"column":3}}]},"163":{"type":"branch","line":477,"loc":{"start":{"line":477,"column":34},"end":{"line":485,"column":5}},"locations":[{"start":{"line":477,"column":34},"end":{"line":485,"column":5}}]},"164":{"type":"branch","line":479,"loc":{"start":{"line":479,"column":43},"end":{"line":481,"column":13}},"locations":[{"start":{"line":479,"column":43},"end":{"line":481,"column":13}}]},"165":{"type":"branch","line":481,"loc":{"start":{"line":481,"column":6},"end":{"line":483,"column":7}},"locations":[{"start":{"line":481,"column":6},"end":{"line":483,"column":7}}]},"166":{"type":"branch","line":489,"loc":{"start":{"line":489,"column":49},"end":{"line":497,"column":3}},"locations":[{"start":{"line":489,"column":49},"end":{"line":497,"column":3}}]},"167":{"type":"branch","line":490,"loc":{"start":{"line":490,"column":34},"end":{"line":496,"column":5}},"locations":[{"start":{"line":490,"column":34},"end":{"line":496,"column":5}}]},"168":{"type":"branch","line":499,"loc":{"start":{"line":499,"column":50},"end":{"line":507,"column":3}},"locations":[{"start":{"line":499,"column":50},"end":{"line":507,"column":3}}]},"169":{"type":"branch","line":500,"loc":{"start":{"line":500,"column":34},"end":{"line":506,"column":5}},"locations":[{"start":{"line":500,"column":34},"end":{"line":506,"column":5}}]},"170":{"type":"branch","line":509,"loc":{"start":{"line":509,"column":53},"end":{"line":516,"column":3}},"locations":[{"start":{"line":509,"column":53},"end":{"line":516,"column":3}}]},"171":{"type":"branch","line":510,"loc":{"start":{"line":510,"column":34},"end":{"line":515,"column":5}},"locations":[{"start":{"line":510,"column":34},"end":{"line":515,"column":5}}]},"172":{"type":"branch","line":519,"loc":{"start":{"line":519,"column":57},"end":{"line":530,"column":3}},"locations":[{"start":{"line":519,"column":57},"end":{"line":530,"column":3}}]},"173":{"type":"branch","line":520,"loc":{"start":{"line":520,"column":36},"end":{"line":529,"column":5}},"locations":[{"start":{"line":520,"column":36},"end":{"line":529,"column":5}}]},"174":{"type":"branch","line":521,"loc":{"start":{"line":521,"column":38},"end":{"line":525,"column":27}},"locations":[{"start":{"line":521,"column":38},"end":{"line":525,"column":27}}]},"175":{"type":"branch","line":525,"loc":{"start":{"line":525,"column":20},"end":{"line":525,"column":27}},"locations":[{"start":{"line":525,"column":20},"end":{"line":525,"column":27}}]},"176":{"type":"branch","line":525,"loc":{"start":{"line":525,"column":20},"end":{"line":526,"column":62}},"locations":[{"start":{"line":525,"column":20},"end":{"line":526,"column":62}}]},"177":{"type":"branch","line":526,"loc":{"start":{"line":526,"column":57},"end":{"line":526,"column":65}},"locations":[{"start":{"line":526,"column":57},"end":{"line":526,"column":65}}]},"178":{"type":"branch","line":528,"loc":{"start":{"line":528,"column":15},"end":{"line":528,"column":52}},"locations":[{"start":{"line":528,"column":15},"end":{"line":528,"column":52}}]},"179":{"type":"branch","line":535,"loc":{"start":{"line":535,"column":0},"end":{"line":579,"column":1}},"locations":[{"start":{"line":535,"column":0},"end":{"line":579,"column":1}}]},"180":{"type":"branch","line":540,"loc":{"start":{"line":540,"column":19},"end":{"line":540,"column":52}},"locations":[{"start":{"line":540,"column":19},"end":{"line":540,"column":52}}]},"181":{"type":"branch","line":540,"loc":{"start":{"line":540,"column":52},"end":{"line":540,"column":65}},"locations":[{"start":{"line":540,"column":52},"end":{"line":540,"column":65}}]},"182":{"type":"branch","line":540,"loc":{"start":{"line":540,"column":59},"end":{"line":543,"column":48}},"locations":[{"start":{"line":540,"column":59},"end":{"line":543,"column":48}}]},"183":{"type":"branch","line":543,"loc":{"start":{"line":543,"column":41},"end":{"line":543,"column":54}},"locations":[{"start":{"line":543,"column":41},"end":{"line":543,"column":54}}]},"184":{"type":"branch","line":543,"loc":{"start":{"line":543,"column":48},"end":{"line":546,"column":49}},"locations":[{"start":{"line":543,"column":48},"end":{"line":546,"column":49}}]},"185":{"type":"branch","line":546,"loc":{"start":{"line":546,"column":44},"end":{"line":546,"column":52}},"locations":[{"start":{"line":546,"column":44},"end":{"line":546,"column":52}}]},"186":{"type":"branch","line":547,"loc":{"start":{"line":547,"column":12},"end":{"line":547,"column":25}},"locations":[{"start":{"line":547,"column":12},"end":{"line":547,"column":25}}]},"187":{"type":"branch","line":547,"loc":{"start":{"line":547,"column":19},"end":{"line":579,"column":1}},"locations":[{"start":{"line":547,"column":19},"end":{"line":579,"column":1}}]},"188":{"type":"branch","line":552,"loc":{"start":{"line":552,"column":26},"end":{"line":571,"column":3}},"locations":[{"start":{"line":552,"column":26},"end":{"line":571,"column":3}}]},"189":{"type":"branch","line":553,"loc":{"start":{"line":553,"column":15},"end":{"line":570,"column":7}},"locations":[{"start":{"line":553,"column":15},"end":{"line":570,"column":7}}]},"190":{"type":"branch","line":555,"loc":{"start":{"line":555,"column":27},"end":{"line":557,"column":7}},"locations":[{"start":{"line":555,"column":27},"end":{"line":557,"column":7}}]},"191":{"type":"branch","line":561,"loc":{"start":{"line":561,"column":55},"end":{"line":561,"column":77}},"locations":[{"start":{"line":561,"column":55},"end":{"line":561,"column":77}}]},"192":{"type":"branch","line":562,"loc":{"start":{"line":562,"column":77},"end":{"line":562,"column":99}},"locations":[{"start":{"line":562,"column":77},"end":{"line":562,"column":99}}]},"193":{"type":"branch","line":563,"loc":{"start":{"line":563,"column":77},"end":{"line":563,"column":99}},"locations":[{"start":{"line":563,"column":77},"end":{"line":563,"column":99}}]},"194":{"type":"branch","line":564,"loc":{"start":{"line":564,"column":73},"end":{"line":564,"column":95}},"locations":[{"start":{"line":564,"column":73},"end":{"line":564,"column":95}}]},"195":{"type":"branch","line":565,"loc":{"start":{"line":565,"column":95},"end":{"line":565,"column":117}},"locations":[{"start":{"line":565,"column":95},"end":{"line":565,"column":117}}]},"196":{"type":"branch","line":566,"loc":{"start":{"line":566,"column":95},"end":{"line":566,"column":117}},"locations":[{"start":{"line":566,"column":95},"end":{"line":566,"column":117}}]},"197":{"type":"branch","line":574,"loc":{"start":{"line":574,"column":52},"end":{"line":574,"column":86}},"locations":[{"start":{"line":574,"column":52},"end":{"line":574,"column":86}}]}},"b":{"0":[1],"1":[107],"2":[7],"3":[100],"4":[110],"5":[107],"6":[107],"7":[3],"8":[0],"9":[1],"10":[119],"11":[1],"12":[118],"13":[1],"14":[117],"15":[65],"16":[5],"17":[60],"18":[12],"19":[9],"20":[8],"21":[2],"22":[7],"23":[56],"24":[3],"25":[3],"26":[53],"27":[8],"28":[45],"29":[0],"30":[52],"31":[45],"32":[3],"33":[3],"34":[42],"35":[0],"36":[10],"37":[35],"38":[29],"39":[13],"40":[12],"41":[7],"42":[5],"43":[28],"44":[7],"45":[10],"46":[25],"47":[4],"48":[2],"49":[2],"50":[31],"51":[9],"52":[26],"53":[2],"54":[40],"55":[5],"56":[2],"57":[40],"58":[16],"59":[1],"60":[41],"61":[1],"62":[40],"63":[15],"64":[7],"65":[4],"66":[0],"67":[0],"68":[2],"69":[1],"70":[3],"71":[2],"72":[1],"73":[3],"74":[0],"75":[0],"76":[1],"77":[1],"78":[2],"79":[1],"80":[117],"81":[0],"82":[117],"83":[9],"84":[9],"85":[117],"86":[52],"87":[110],"88":[117],"89":[12],"90":[76],"91":[65],"92":[5],"93":[71],"94":[11],"95":[65],"96":[9],"97":[8],"98":[0],"99":[1],"100":[8],"101":[4],"102":[5],"103":[115],"104":[1],"105":[0],"106":[9],"107":[1],"108":[0],"109":[6],"110":[65],"111":[4],"112":[0],"113":[1],"114":[3],"115":[16],"116":[131],"117":[1],"118":[130],"119":[0],"120":[0],"121":[0],"122":[70],"123":[43],"124":[6],"125":[5],"126":[520],"127":[491],"128":[29],"129":[1],"130":[28],"131":[491],"132":[10],"133":[10],"134":[6],"135":[7],"136":[4],"137":[0],"138":[4],"139":[0],"140":[0],"141":[12],"142":[8],"143":[0],"144":[4],"145":[117],"146":[94],"147":[10],"148":[8],"149":[0],"150":[9],"151":[1],"152":[1],"153":[1],"154":[7],"155":[2],"156":[5],"157":[5],"158":[2],"159":[2],"160":[3],"161":[1],"162":[27],"163":[27],"164":[24],"165":[3],"166":[21],"167":[1],"168":[21],"169":[1],"170":[21],"171":[1],"172":[21],"173":[2],"174":[1],"175":[0],"176":[1],"177":[0],"178":[1],"179":[11],"180":[10],"181":[2],"182":[9],"183":[2],"184":[7],"185":[0],"186":[0],"187":[7],"188":[7],"189":[7],"190":[1],"191":[3],"192":[1],"193":[1],"194":[5],"195":[1],"196":[1],"197":[7]},"fnMap":{"0":{"name":"_showSettings","decl":{"start":{"line":33,"column":32},"end":{"line":33,"column":41}},"loc":{"start":{"line":33,"column":32},"end":{"line":33,"column":41}},"line":33},"1":{"name":"initTabs","decl":{"start":{"line":34,"column":7},"end":{"line":36,"column":1}},"loc":{"start":{"line":34,"column":7},"end":{"line":36,"column":1}},"line":34},"2":{"name":"renderSearchBar","decl":{"start":{"line":40,"column":0},"end":{"line":63,"column":1}},"loc":{"start":{"line":40,"column":0},"end":{"line":63,"column":1}},"line":40},"3":{"name":"bindSearchEvents","decl":{"start":{"line":67,"column":0},"end":{"line":92,"column":1}},"loc":{"start":{"line":67,"column":0},"end":{"line":92,"column":1}},"line":67},"4":{"name":"renderActiveTab","decl":{"start":{"line":96,"column":7},"end":{"line":275,"column":1}},"loc":{"start":{"line":96,"column":7},"end":{"line":275,"column":1}},"line":96},"5":{"name":"setActiveTab","decl":{"start":{"line":279,"column":7},"end":{"line":305,"column":1}},"loc":{"start":{"line":279,"column":7},"end":{"line":305,"column":1}},"line":279},"6":{"name":"updateTabBadges","decl":{"start":{"line":309,"column":7},"end":{"line":341,"column":1}},"loc":{"start":{"line":309,"column":7},"end":{"line":341,"column":1}},"line":309},"7":{"name":"updateFollowFilterBadges","decl":{"start":{"line":345,"column":0},"end":{"line":397,"column":1}},"loc":{"start":{"line":345,"column":0},"end":{"line":397,"column":1}},"line":345},"8":{"name":"bindContentEvents","decl":{"start":{"line":401,"column":7},"end":{"line":531,"column":1}},"loc":{"start":{"line":401,"column":7},"end":{"line":531,"column":1}},"line":401},"9":{"name":"hideCurrentFocusPr","decl":{"start":{"line":535,"column":0},"end":{"line":579,"column":1}},"loc":{"start":{"line":535,"column":0},"end":{"line":579,"column":1}},"line":535}},"f":{"0":0,"1":1,"2":107,"3":110,"4":119,"5":4,"6":131,"7":10,"8":117,"9":11}}
,"/Users/sandroguerreiro/Code/pronto/src/types.ts": {"path":"/Users/sandroguerreiro/Code/pronto/src/types.ts","all":false,"statementMap":{"177":{"start":{"line":178,"column":0},"end":{"line":178,"column":60}},"178":{"start":{"line":179,"column":0},"end":{"line":179,"column":21}},"179":{"start":{"line":180,"column":0},"end":{"line":180,"column":19}},"180":{"start":{"line":181,"column":0},"end":{"line":181,"column":14}},"181":{"start":{"line":182,"column":0},"end":{"line":182,"column":16}},"182":{"start":{"line":183,"column":0},"end":{"line":183,"column":19}},"183":{"start":{"line":184,"column":0},"end":{"line":184,"column":15}},"184":{"start":{"line":185,"column":0},"end":{"line":185,"column":16}},"185":{"start":{"line":186,"column":0},"end":{"line":186,"column":17}},"186":{"start":{"line":187,"column":0},"end":{"line":187,"column":20}},"187":{"start":{"line":188,"column":0},"end":{"line":188,"column":18}},"188":{"start":{"line":189,"column":0},"end":{"line":189,"column":18}},"189":{"start":{"line":190,"column":0},"end":{"line":190,"column":32}},"190":{"start":{"line":191,"column":0},"end":{"line":191,"column":32}},"191":{"start":{"line":192,"column":0},"end":{"line":192,"column":2}}},"s":{"177":1,"178":1,"179":1,"180":1,"181":1,"182":1,"183":1,"184":1,"185":1,"186":1,"187":1,"188":1,"189":1,"190":1,"191":1},"branchMap":{},"b":{},"fnMap":{},"f":{}}
,"/Users/sandroguerreiro/Code/pronto/src/__tests__/fixtures.ts": {"path":"/Users/sandroguerreiro/Code/pronto/src/__tests__/fixtures.ts","all":false,"statementMap":{"3":{"start":{"line":4,"column":0},"end":{"line":4,"column":75}},"4":{"start":{"line":5,"column":0},"end":{"line":5,"column":10}},"5":{"start":{"line":6,"column":0},"end":{"line":6,"column":21}},"6":{"start":{"line":7,"column":0},"end":{"line":7,"column":46}},"7":{"start":{"line":8,"column":0},"end":{"line":8,"column":18}},"8":{"start":{"line":9,"column":0},"end":{"line":9,"column":18}},"9":{"start":{"line":10,"column":0},"end":{"line":10,"column":19}},"10":{"start":{"line":11,"column":0},"end":{"line":11,"column":38}},"11":{"start":{"line":12,"column":0},"end":{"line":12,"column":58}},"12":{"start":{"line":13,"column":0},"end":{"line":13,"column":26}},"13":{"start":{"line":14,"column":0},"end":{"line":14,"column":27}},"14":{"start":{"line":15,"column":0},"end":{"line":15,"column":25}},"15":{"start":{"line":16,"column":0},"end":{"line":16,"column":31}},"16":{"start":{"line":17,"column":0},"end":{"line":17,"column":32}},"17":{"start":{"line":18,"column":0},"end":{"line":18,"column":33}},"18":{"start":{"line":19,"column":0},"end":{"line":19,"column":27}},"19":{"start":{"line":20,"column":0},"end":{"line":20,"column":32}},"20":{"start":{"line":21,"column":0},"end":{"line":21,"column":17}},"21":{"start":{"line":22,"column":0},"end":{"line":22,"column":4}},"22":{"start":{"line":23,"column":0},"end":{"line":23,"column":1}},"24":{"start":{"line":25,"column":0},"end":{"line":25,"column":72}},"25":{"start":{"line":26,"column":0},"end":{"line":26,"column":10}},"26":{"start":{"line":27,"column":0},"end":{"line":27,"column":23}},"27":{"start":{"line":28,"column":0},"end":{"line":28,"column":26}},"28":{"start":{"line":29,"column":0},"end":{"line":29,"column":39}},"29":{"start":{"line":30,"column":0},"end":{"line":30,"column":41}},"30":{"start":{"line":31,"column":0},"end":{"line":31,"column":78}},"31":{"start":{"line":32,"column":0},"end":{"line":32,"column":17}},"32":{"start":{"line":33,"column":0},"end":{"line":33,"column":4}},"33":{"start":{"line":34,"column":0},"end":{"line":34,"column":1}},"35":{"start":{"line":36,"column":0},"end":{"line":36,"column":73}},"36":{"start":{"line":37,"column":0},"end":{"line":37,"column":10}},"37":{"start":{"line":38,"column":0},"end":{"line":38,"column":10}},"38":{"start":{"line":39,"column":0},"end":{"line":39,"column":71}},"39":{"start":{"line":40,"column":0},"end":{"line":40,"column":4}},"40":{"start":{"line":41,"column":0},"end":{"line":41,"column":1}},"42":{"start":{"line":43,"column":0},"end":{"line":43,"column":91}},"43":{"start":{"line":44,"column":0},"end":{"line":44,"column":45}},"44":{"start":{"line":45,"column":0},"end":{"line":45,"column":1}}},"s":{"3":1,"4":181,"5":181,"6":181,"7":181,"8":181,"9":181,"10":181,"11":181,"12":181,"13":181,"14":181,"15":181,"16":181,"17":181,"18":181,"19":181,"20":181,"21":181,"22":181,"24":1,"25":20,"26":20,"27":20,"28":20,"29":20,"30":20,"31":20,"32":20,"33":20,"35":1,"36":13,"37":13,"38":13,"39":13,"40":13,"42":1,"43":13,"44":13},"branchMap":{"0":{"type":"branch","line":4,"loc":{"start":{"line":4,"column":7},"end":{"line":23,"column":1}},"locations":[{"start":{"line":4,"column":7},"end":{"line":23,"column":1}}]},"1":{"type":"branch","line":25,"loc":{"start":{"line":25,"column":7},"end":{"line":34,"column":1}},"locations":[{"start":{"line":25,"column":7},"end":{"line":34,"column":1}}]},"2":{"type":"branch","line":36,"loc":{"start":{"line":36,"column":7},"end":{"line":41,"column":1}},"locations":[{"start":{"line":36,"column":7},"end":{"line":41,"column":1}}]},"3":{"type":"branch","line":43,"loc":{"start":{"line":43,"column":7},"end":{"line":45,"column":1}},"locations":[{"start":{"line":43,"column":7},"end":{"line":45,"column":1}}]}},"b":{"0":[181],"1":[20],"2":[13],"3":[13]},"fnMap":{"0":{"name":"makePr","decl":{"start":{"line":4,"column":7},"end":{"line":23,"column":1}},"loc":{"start":{"line":4,"column":7},"end":{"line":23,"column":1}},"line":4},"1":{"name":"makeRelease","decl":{"start":{"line":25,"column":7},"end":{"line":34,"column":1}},"loc":{"start":{"line":25,"column":7},"end":{"line":34,"column":1}},"line":25},"2":{"name":"withChecks","decl":{"start":{"line":36,"column":7},"end":{"line":41,"column":1}},"loc":{"start":{"line":36,"column":7},"end":{"line":41,"column":1}},"line":36},"3":{"name":"withReviewDecision","decl":{"start":{"line":43,"column":7},"end":{"line":45,"column":1}},"loc":{"start":{"line":43,"column":7},"end":{"line":45,"column":1}},"line":43}},"f":{"0":181,"1":20,"2":13,"3":13}}
}
